Using pre-set license
Built from '2020.3/staging' branch; Version is '2020.3.6f1 (338bb68529b2) revision 3378102'; Using compiler version '192528614'; Build Type 'Release'
OS: 'Windows 10 Education; OS build 18363.1679; Version 1909; 64bit' Language: 'en' Physical Memory: 24467 MB
BatchMode: 1, IsHumanControllingUs: 0, StartBugReporterOnCrash: 0, Is64bit: 1, IsPro: 0

 COMMAND LINE ARGUMENTS:
C:\Program Files\Unity\Hub\Editor\2020.3.6f1\Editor\Unity.exe
-adb2
-batchMode
-noUpm
-name
AssetImportWorker4
-projectPath
C:/Users/Hetsko/Documents/GitHub/Space-Shooty-McBoom/Space Shooty McBoom
-logFile
Logs/AssetImportWorker4.log
-srvPort
50491
Successfully changed project path to: C:/Users/Hetsko/Documents/GitHub/Space-Shooty-McBoom/Space Shooty McBoom
C:/Users/Hetsko/Documents/GitHub/Space-Shooty-McBoom/Space Shooty McBoom
Using Asset Import Pipeline V2.
Refreshing native plugins compatible for Editor in 68.66 ms, found 0 plugins.
Preloading 0 native plugins for Editor in 0.00 ms.
Initialize engine version: 2020.3.6f1 (338bb68529b2)
[Subsystems] Discovering subsystems at path C:/Program Files/Unity/Hub/Editor/2020.3.6f1/Editor/Data/Resources/UnitySubsystems
[Subsystems] Discovering subsystems at path C:/Users/Hetsko/Documents/GitHub/Space-Shooty-McBoom/Space Shooty McBoom/Assets
GfxDevice: creating device client; threaded=0
Direct3D:
    Version:  Direct3D 11.0 [level 11.1]
    Renderer: NVIDIA GeForce GTX 1660 SUPER (ID=0x21c4)
    Vendor:   
    VRAM:     5991 MB
    Driver:   27.21.14.5671
Initialize mono
Mono path[0] = 'C:/Program Files/Unity/Hub/Editor/2020.3.6f1/Editor/Data/Managed'
Mono path[1] = 'C:/Program Files/Unity/Hub/Editor/2020.3.6f1/Editor/Data/MonoBleedingEdge/lib/mono/unityjit'
Mono config path = 'C:/Program Files/Unity/Hub/Editor/2020.3.6f1/Editor/Data/MonoBleedingEdge/etc'
Using monoOptions --debugger-agent=transport=dt_socket,embedding=1,server=y,suspend=n,address=127.0.0.1:56444
Begin MonoManager ReloadAssembly
Registering precompiled unity dll's ...
Register platform support module: C:/Program Files/Unity/Hub/Editor/2020.3.6f1/Editor/Data/PlaybackEngines/WebGLSupport/UnityEditor.WebGL.Extensions.dll
Register platform support module: C:/Program Files/Unity/Hub/Editor/2020.3.6f1/Editor/Data/PlaybackEngines/WindowsStandaloneSupport/UnityEditor.WindowsStandalone.Extensions.dll
Register platform support module: C:/Program Files/Unity/Hub/Editor/2020.3.6f1/Editor/Data/PlaybackEngines/LinuxStandaloneSupport/UnityEditor.LinuxStandalone.Extensions.dll
Registered in 0.003190 seconds.
Native extension for LinuxStandalone target not found
Native extension for WindowsStandalone target not found
Native extension for WebGL target not found
Refreshing native plugins compatible for Editor in 46.06 ms, found 0 plugins.
Preloading 0 native plugins for Editor in 0.00 ms.
Mono: successfully reloaded assembly
- Completed reload, in  4.618 seconds
Platform modules already initialized, skipping
Registering precompiled user dll's ...
Registered in 0.001093 seconds.
Begin MonoManager ReloadAssembly
Native extension for LinuxStandalone target not found
Native extension for WindowsStandalone target not found
Native extension for WebGL target not found
Refreshing native plugins compatible for Editor in 46.50 ms, found 0 plugins.
Preloading 0 native plugins for Editor in 0.00 ms.
Mono: successfully reloaded assembly
- Completed reload, in  1.333 seconds
Platform modules already initialized, skipping
========================================================================
Worker process is ready to serve import requests
Launched and connected shader compiler UnityShaderCompiler.exe after 0.07 seconds
Refreshing native plugins compatible for Editor in 0.36 ms, found 0 plugins.
Preloading 0 native plugins for Editor in 0.00 ms.
Unloading 1679 Unused Serialized files (Serialized files now loaded: 0)
System memory in use before: 168.9 MB.
System memory in use after: 169.0 MB.

Unloading 12 unused Assets to reduce memory usage. Loaded Objects now: 2148.
Total: 2.214500 ms (FindLiveObjects: 0.168800 ms CreateObjectMapping: 0.064700 ms MarkObjects: 1.871800 ms  DeleteObjects: 0.108000 ms)

========================================================================
Received Import Request.
  path: Assets/Model/Asteroid1.blend
  artifactKey: Guid(f59e5e9f772e8054daba9a21d9d36d6c) Importer(815301076,1909f56bfc062723c751e8b465ee728b)
Start importing Assets/Model/Asteroid1.blend using Guid(f59e5e9f772e8054daba9a21d9d36d6c) Importer(815301076,1909f56bfc062723c751e8b465ee728b)  -> (artifact id: '86df6563e1aa7bc627d3f0baca0bc0a2') in 0.198715 seconds
  Import took 0.202196 seconds .

========================================================================
Received Import Request.
  Time since last request: 0.000392 seconds.
  path: Assets/Model/PlayerShip.blend
  artifactKey: Guid(05f27dc6b2882e54b948e5c446d792d7) Importer(815301076,1909f56bfc062723c751e8b465ee728b)
Start importing Assets/Model/PlayerShip.blend using Guid(05f27dc6b2882e54b948e5c446d792d7) Importer(815301076,1909f56bfc062723c751e8b465ee728b)  -> (artifact id: '95935a361dc402cf69b931926f037cb5') in 0.168656 seconds
  Import took 0.173093 seconds .

========================================================================
Received Import Request.
  Time since last request: 0.000236 seconds.
  path: Assets/Skybox/Space Sky.mat
  artifactKey: Guid(7bcb3b869634a8e4f8198a1c98835c15) Importer(815301076,1909f56bfc062723c751e8b465ee728b)
Start importing Assets/Skybox/Space Sky.mat using Guid(7bcb3b869634a8e4f8198a1c98835c15) Importer(815301076,1909f56bfc062723c751e8b465ee728b)  -> (artifact id: 'c7d18b38c8a518c56b4718f55f78b32f') in 0.051214 seconds
  Import took 0.054635 seconds .

========================================================================
Received Import Request.
  Time since last request: 0.000217 seconds.
  path: Assets/Asteroid1.prefab
  artifactKey: Guid(6b9cc6f9e6682f8418143d417c283add) Importer(815301076,1909f56bfc062723c751e8b465ee728b)
Start importing Assets/Asteroid1.prefab using Guid(6b9cc6f9e6682f8418143d417c283add) Importer(815301076,1909f56bfc062723c751e8b465ee728b)  -> (artifact id: 'a6888fc95778371c1f50225d81b6162a') in 0.034218 seconds
  Import took 0.037231 seconds .

========================================================================
Received Prepare
Registering precompiled user dll's ...
Registered in 0.001273 seconds.
Begin MonoManager ReloadAssembly
Native extension for LinuxStandalone target not found
Native extension for WindowsStandalone target not found
Native extension for WebGL target not found
Refreshing native plugins compatible for Editor in 0.34 ms, found 0 plugins.
Preloading 0 native plugins for Editor in 0.00 ms.
Mono: successfully reloaded assembly
- Completed reload, in  1.237 seconds
Platform modules already initialized, skipping
Refreshing native plugins compatible for Editor in 0.38 ms, found 0 plugins.
Preloading 0 native plugins for Editor in 0.00 ms.
Unloading 1643 Unused Serialized files (Serialized files now loaded: 0)
System memory in use before: 169.5 MB.
System memory in use after: 169.6 MB.

Unloading 6 unused Assets to reduce memory usage. Loaded Objects now: 2194.
Total: 2.628700 ms (FindLiveObjects: 0.223900 ms CreateObjectMapping: 0.086800 ms MarkObjects: 2.294500 ms  DeleteObjects: 0.021400 ms)

========================================================================
Received Prepare
Registering precompiled user dll's ...
Registered in 0.000955 seconds.
Begin MonoManager ReloadAssembly
Native extension for LinuxStandalone target not found
Native extension for WindowsStandalone target not found
Native extension for WebGL target not found
Refreshing native plugins compatible for Editor in 0.31 ms, found 0 plugins.
Preloading 0 native plugins for Editor in 0.00 ms.
Mono: successfully reloaded assembly
- Completed reload, in  1.095 seconds
Platform modules already initialized, skipping
Refreshing native plugins compatible for Editor in 0.33 ms, found 0 plugins.
Preloading 0 native plugins for Editor in 0.00 ms.
Unloading 1643 Unused Serialized files (Serialized files now loaded: 0)
System memory in use before: 169.5 MB.
System memory in use after: 169.6 MB.

Unloading 6 unused Assets to reduce memory usage. Loaded Objects now: 2197.
Total: 2.167600 ms (FindLiveObjects: 0.270600 ms CreateObjectMapping: 0.078900 ms MarkObjects: 1.796900 ms  DeleteObjects: 0.019300 ms)

========================================================================
Received Import Request.
  Time since last request: 7597.399175 seconds.
  path: Assets/jellymaster.png
  artifactKey: Guid(62158ce923717f5449564593e5a9650e) Importer(815301076,1909f56bfc062723c751e8b465ee728b)
Start importing Assets/jellymaster.png using Guid(62158ce923717f5449564593e5a9650e) Importer(815301076,1909f56bfc062723c751e8b465ee728b)  -> (artifact id: '0dfedc3d10a9a1e18b839610c160a19d') in 0.136422 seconds
  Import took 0.140605 seconds .

========================================================================
Received Import Request.
  Time since last request: 6.709901 seconds.
  path: Assets/jellymaster.png
  artifactKey: Guid(62158ce923717f5449564593e5a9650e) Importer(815301076,1909f56bfc062723c751e8b465ee728b)
Start importing Assets/jellymaster.png using Guid(62158ce923717f5449564593e5a9650e) Importer(815301076,1909f56bfc062723c751e8b465ee728b)  -> (artifact id: '9933bf1aaa5d1b27779ac2593787a834') in 0.040879 seconds
  Import took 0.047579 seconds .

========================================================================
Received Import Request.
  Time since last request: 38.744638 seconds.
  path: Assets/New Material.mat
  artifactKey: Guid(a0a3b2b5ae586734daabafac42448977) Importer(815301076,1909f56bfc062723c751e8b465ee728b)
Start importing Assets/New Material.mat using Guid(a0a3b2b5ae586734daabafac42448977) Importer(815301076,1909f56bfc062723c751e8b465ee728b)  -> (artifact id: '678613a484b856966ca2c85687138368') in 0.057573 seconds
  Import took 0.061601 seconds .

========================================================================
Received Prepare
Registering precompiled user dll's ...
Registered in 0.001075 seconds.
Begin MonoManager ReloadAssembly
Native extension for LinuxStandalone target not found
Native extension for WindowsStandalone target not found
Native extension for WebGL target not found
Refreshing native plugins compatible for Editor in 0.31 ms, found 0 plugins.
Preloading 0 native plugins for Editor in 0.00 ms.
Mono: successfully reloaded assembly
- Completed reload, in  1.178 seconds
Platform modules already initialized, skipping
Refreshing native plugins compatible for Editor in 0.32 ms, found 0 plugins.
Preloading 0 native plugins for Editor in 0.00 ms.
Unloading 1643 Unused Serialized files (Serialized files now loaded: 0)
System memory in use before: 169.6 MB.
System memory in use after: 169.7 MB.

Unloading 6 unused Assets to reduce memory usage. Loaded Objects now: 2203.
Total: 2.281300 ms (FindLiveObjects: 0.207900 ms CreateObjectMapping: 0.069300 ms MarkObjects: 1.969200 ms  DeleteObjects: 0.033100 ms)

========================================================================
Received Import Request.
  Time since last request: 328.343969 seconds.
  path: Assets/jellymaster.png
  artifactKey: Guid(62158ce923717f5449564593e5a9650e) Importer(815301076,1909f56bfc062723c751e8b465ee728b)
Start importing Assets/jellymaster.png using Guid(62158ce923717f5449564593e5a9650e) Importer(815301076,1909f56bfc062723c751e8b465ee728b)  -> (artifact id: '3cd3f049e730280cc30a7f8e5d719685') in 0.069238 seconds
  Import took 0.072595 seconds .

========================================================================
Received Import Request.
  Time since last request: 2.282316 seconds.
  path: Assets/jellymaster.png
  artifactKey: Guid(62158ce923717f5449564593e5a9650e) Importer(815301076,1909f56bfc062723c751e8b465ee728b)
Start importing Assets/jellymaster.png using Guid(62158ce923717f5449564593e5a9650e) Importer(815301076,1909f56bfc062723c751e8b465ee728b)  -> (artifact id: '4da9949b9adab190cea6eefa28cdee43') in 0.043269 seconds
  Import took 0.052846 seconds .

========================================================================
Received Import Request.
  Time since last request: 73.548402 seconds.
  path: Assets/jellymaster.png
  artifactKey: Guid(62158ce923717f5449564593e5a9650e) Importer(815301076,1909f56bfc062723c751e8b465ee728b)
Start importing Assets/jellymaster.png using Guid(62158ce923717f5449564593e5a9650e) Importer(815301076,1909f56bfc062723c751e8b465ee728b)  -> (artifact id: '82d83eac727a2d15473eeb899a352b6e') in 0.036515 seconds
  Import took 0.040925 seconds .

========================================================================
Received Import Request.
  Time since last request: 6.422142 seconds.
  path: Assets/jellymaster.png
  artifactKey: Guid(62158ce923717f5449564593e5a9650e) Importer(815301076,1909f56bfc062723c751e8b465ee728b)
Start importing Assets/jellymaster.png using Guid(62158ce923717f5449564593e5a9650e) Importer(815301076,1909f56bfc062723c751e8b465ee728b)  -> (artifact id: '072887afda858df3df2b07a02b92dcaa') in 0.032346 seconds
  Import took 0.036171 seconds .

========================================================================
Received Import Request.
  Time since last request: 12.896306 seconds.
  path: Assets/jellymaster.png
  artifactKey: Guid(62158ce923717f5449564593e5a9650e) Importer(815301076,1909f56bfc062723c751e8b465ee728b)
Start importing Assets/jellymaster.png using Guid(62158ce923717f5449564593e5a9650e) Importer(815301076,1909f56bfc062723c751e8b465ee728b)  -> (artifact id: 'a625afd8a945125b8364ff00bd6b67cb') in 0.031152 seconds
  Import took 0.035664 seconds .

========================================================================
Received Import Request.
  Time since last request: 7.031659 seconds.
  path: Assets/jellymaster.png
  artifactKey: Guid(62158ce923717f5449564593e5a9650e) Importer(815301076,1909f56bfc062723c751e8b465ee728b)
Start importing Assets/jellymaster.png using Guid(62158ce923717f5449564593e5a9650e) Importer(815301076,1909f56bfc062723c751e8b465ee728b)  -> (artifact id: 'd0007d24faeea22f71541946dbb75ef1') in 0.034413 seconds
  Import took 0.037963 seconds .

========================================================================
Received Import Request.
  Time since last request: 7.030853 seconds.
  path: Assets/jellymaster.png
  artifactKey: Guid(62158ce923717f5449564593e5a9650e) Importer(815301076,1909f56bfc062723c751e8b465ee728b)
Start importing Assets/jellymaster.png using Guid(62158ce923717f5449564593e5a9650e) Importer(815301076,1909f56bfc062723c751e8b465ee728b)  -> (artifact id: '9bbf8f91acdb99d0fe56626cb0ee3727') in 0.033990 seconds
  Import took 0.039274 seconds .

========================================================================
Received Import Request.
  Time since last request: 334.649466 seconds.
  path: Assets/Materials/Jelly.prefab
  artifactKey: Guid(e1584b3b1d9a4f643aa7bb44979e8f8a) Importer(815301076,1909f56bfc062723c751e8b465ee728b)
Start importing Assets/Materials/Jelly.prefab using Guid(e1584b3b1d9a4f643aa7bb44979e8f8a) Importer(815301076,1909f56bfc062723c751e8b465ee728b)  -> (artifact id: '03e6a8012856060b5126087dbbc02bed') in 14.262082 seconds
  Import took 14.265748 seconds .

========================================================================
Received Import Request.
  Time since last request: 32.860594 seconds.
  path: Assets/Prefabs
  artifactKey: Guid(6a2f0d9453f4cd34b8df5ea6b36c9f8b) Importer(815301076,1909f56bfc062723c751e8b465ee728b)
Start importing Assets/Prefabs using Guid(6a2f0d9453f4cd34b8df5ea6b36c9f8b) Importer(815301076,1909f56bfc062723c751e8b465ee728b)  -> (artifact id: '9055387260dcdf906b06ec780a8c8095') in 0.008535 seconds
  Import took 0.012016 seconds .

========================================================================
Received Import Request.
  Time since last request: 11.342941 seconds.
  path: Assets/AsteroidBehavior.cs
  artifactKey: Guid(dec5eb92541be1a4b8f40f3c8931dfdd) Importer(815301076,1909f56bfc062723c751e8b465ee728b)
Start importing Assets/AsteroidBehavior.cs using Guid(dec5eb92541be1a4b8f40f3c8931dfdd) Importer(815301076,1909f56bfc062723c751e8b465ee728b)  -> (artifact id: 'b5ab59dcb3caf0ad2b38520e3b3dabf3') in 0.011803 seconds
  Import took 0.014798 seconds .

========================================================================
Received Import Request.
  Time since last request: 0.026586 seconds.
  path: Assets/AsteroidBehavior.cs
  artifactKey: Guid(dec5eb92541be1a4b8f40f3c8931dfdd) Importer(815301076,1909f56bfc062723c751e8b465ee728b)
Start importing Assets/AsteroidBehavior.cs using Guid(dec5eb92541be1a4b8f40f3c8931dfdd) Importer(815301076,1909f56bfc062723c751e8b465ee728b)  -> (artifact id: 'b5ab59dcb3caf0ad2b38520e3b3dabf3') in 0.002802 seconds
  Import took 0.005807 seconds .

========================================================================
Received Import Request.
  Time since last request: 3.039662 seconds.
  path: Assets/PlayerController.cs
  artifactKey: Guid(fd366593c63265545859978ff4bfd9f0) Importer(815301076,1909f56bfc062723c751e8b465ee728b)
Start importing Assets/PlayerController.cs using Guid(fd366593c63265545859978ff4bfd9f0) Importer(815301076,1909f56bfc062723c751e8b465ee728b)  -> (artifact id: 'db326fbc89c9f4647b151e6880944987') in 0.007756 seconds
  Import took 4.932717 seconds .

========================================================================
Received Import Request.
  Time since last request: 0.000161 seconds.
  path: Assets/Scripts/PlayerController.cs
  artifactKey: Guid(fd366593c63265545859978ff4bfd9f0) Importer(815301076,1909f56bfc062723c751e8b465ee728b)
Start importing Assets/Scripts/PlayerController.cs using Guid(fd366593c63265545859978ff4bfd9f0) Importer(815301076,1909f56bfc062723c751e8b465ee728b)  -> (artifact id: 'db326fbc89c9f4647b151e6880944987') in 0.002925 seconds
  Import took 0.005895 seconds .

========================================================================
Received Import Request.
  Time since last request: 0.000391 seconds.
  path: Assets/Scripts/PlayerController.cs
  artifactKey: Guid(fd366593c63265545859978ff4bfd9f0) Importer(815301076,1909f56bfc062723c751e8b465ee728b)
Start importing Assets/Scripts/PlayerController.cs using Guid(fd366593c63265545859978ff4bfd9f0) Importer(815301076,1909f56bfc062723c751e8b465ee728b)  -> (artifact id: 'db326fbc89c9f4647b151e6880944987') in 0.002782 seconds
  Import took 0.005941 seconds .

========================================================================
Received Prepare
Registering precompiled user dll's ...
Registered in 0.001008 seconds.
Begin MonoManager ReloadAssembly
Native extension for LinuxStandalone target not found
Native extension for WindowsStandalone target not found
Native extension for WebGL target not found
Refreshing native plugins compatible for Editor in 0.40 ms, found 0 plugins.
Preloading 0 native plugins for Editor in 0.00 ms.
Mono: successfully reloaded assembly
- Completed reload, in  2.044 seconds
Platform modules already initialized, skipping
Refreshing native plugins compatible for Editor in 0.34 ms, found 0 plugins.
Preloading 0 native plugins for Editor in 0.00 ms.
Unloading 1643 Unused Serialized files (Serialized files now loaded: 0)
System memory in use before: 169.6 MB.
System memory in use after: 169.7 MB.

Unloading 6 unused Assets to reduce memory usage. Loaded Objects now: 2208.
Total: 2.333300 ms (FindLiveObjects: 0.199400 ms CreateObjectMapping: 0.071600 ms MarkObjects: 2.030400 ms  DeleteObjects: 0.030700 ms)

========================================================================
Received Import Request.
  Time since last request: 35.627396 seconds.
  path: Assets/conCircles.png
  artifactKey: Guid(dac3677dbbd7a6e489027dd28c57f4f6) Importer(815301076,1909f56bfc062723c751e8b465ee728b)
Start importing Assets/conCircles.png using Guid(dac3677dbbd7a6e489027dd28c57f4f6) Importer(815301076,1909f56bfc062723c751e8b465ee728b)  -> (artifact id: 'e7619c20ba3dbf5f10cf276f4889c302') in 0.102004 seconds
  Import took 0.107813 seconds .

========================================================================
Received Import Request.
  Time since last request: 20.216753 seconds.
  path: Assets/wide ship.jfif
  artifactKey: Guid(46aeabf6c3203e94db4a717c2a4c9820) Importer(815301076,1909f56bfc062723c751e8b465ee728b)
Start importing Assets/wide ship.jfif using Guid(46aeabf6c3203e94db4a717c2a4c9820) Importer(815301076,1909f56bfc062723c751e8b465ee728b)  -> (artifact id: '37f81aef145277191583a54d1d21efad') in 0.019127 seconds
  Import took 0.024033 seconds .

========================================================================
Received Import Request.
  Time since last request: 171.314863 seconds.
  path: Assets/Prefabs/Jelly.prefab
  artifactKey: Guid(e1584b3b1d9a4f643aa7bb44979e8f8a) Importer(815301076,1909f56bfc062723c751e8b465ee728b)
Start importing Assets/Prefabs/Jelly.prefab using Guid(e1584b3b1d9a4f643aa7bb44979e8f8a) Importer(815301076,1909f56bfc062723c751e8b465ee728b)  -> (artifact id: '045274bf83cbf78f2c44eab323500bb2') in 0.063452 seconds
  Import took 0.066967 seconds .

========================================================================
Received Import Request.
  Time since last request: 1.558766 seconds.
  path: Assets/Prefabs/Jelly.prefab
  artifactKey: Guid(e1584b3b1d9a4f643aa7bb44979e8f8a) Importer(815301076,1909f56bfc062723c751e8b465ee728b)
Start importing Assets/Prefabs/Jelly.prefab using Guid(e1584b3b1d9a4f643aa7bb44979e8f8a) Importer(815301076,1909f56bfc062723c751e8b465ee728b)  -> (artifact id: 'df0571abe9a09833d4753fd29611112b') in 0.038896 seconds
  Import took 0.042824 seconds .

========================================================================
Received Import Request.
  Time since last request: 6.932725 seconds.
  path: Assets/Prefabs/Jelly.prefab
  artifactKey: Guid(e1584b3b1d9a4f643aa7bb44979e8f8a) Importer(815301076,1909f56bfc062723c751e8b465ee728b)
Start importing Assets/Prefabs/Jelly.prefab using Guid(e1584b3b1d9a4f643aa7bb44979e8f8a) Importer(815301076,1909f56bfc062723c751e8b465ee728b)  -> (artifact id: '8fbd262689e42b9d31c30aa33a42f80f') in 0.032184 seconds
  Import took 0.037146 seconds .

========================================================================
Received Import Request.
  Time since last request: 4.488513 seconds.
  path: Assets/Prefabs/Jelly.prefab
  artifactKey: Guid(e1584b3b1d9a4f643aa7bb44979e8f8a) Importer(815301076,1909f56bfc062723c751e8b465ee728b)
Start importing Assets/Prefabs/Jelly.prefab using Guid(e1584b3b1d9a4f643aa7bb44979e8f8a) Importer(815301076,1909f56bfc062723c751e8b465ee728b)  -> (artifact id: 'ec70c1568eca13ec77cbfd013e6943da') in 0.031304 seconds
  Import took 0.035312 seconds .

========================================================================
Received Import Request.
  Time since last request: 94.555774 seconds.
  path: Assets/Prefabs/Jelly.prefab
  artifactKey: Guid(e1584b3b1d9a4f643aa7bb44979e8f8a) Importer(815301076,1909f56bfc062723c751e8b465ee728b)
Start importing Assets/Prefabs/Jelly.prefab using Guid(e1584b3b1d9a4f643aa7bb44979e8f8a) Importer(815301076,1909f56bfc062723c751e8b465ee728b)  -> (artifact id: '91729abe521fc5ba5ffaf35b972613f3') in 0.036791 seconds
  Import took 0.041925 seconds .

========================================================================
Received Import Request.
  Time since last request: 2.269385 seconds.
  path: Assets/Prefabs/Jelly.prefab
  artifactKey: Guid(e1584b3b1d9a4f643aa7bb44979e8f8a) Importer(815301076,1909f56bfc062723c751e8b465ee728b)
Start importing Assets/Prefabs/Jelly.prefab using Guid(e1584b3b1d9a4f643aa7bb44979e8f8a) Importer(815301076,1909f56bfc062723c751e8b465ee728b)  -> (artifact id: '28a121cfebce74b1db8432f3dff86886') in 0.035771 seconds
  Import took 0.041138 seconds .

========================================================================
Received Import Request.
  Time since last request: 34.489476 seconds.
  path: Assets/Materials/Asteroid.mat
  artifactKey: Guid(5b0a81617843a7344918548a547f77c0) Importer(815301076,1909f56bfc062723c751e8b465ee728b)
Start importing Assets/Materials/Asteroid.mat using Guid(5b0a81617843a7344918548a547f77c0) Importer(815301076,1909f56bfc062723c751e8b465ee728b)  -> (artifact id: 'f28fe515c4fd00048e059de540dd0d42') in 0.038880 seconds
  Import took 0.042433 seconds .

========================================================================
Received Import Request.
  Time since last request: 0.000268 seconds.
  path: Assets/Materials/star blue.mat
  artifactKey: Guid(1ab381bf84927e4449d1fcd00b922340) Importer(815301076,1909f56bfc062723c751e8b465ee728b)
Start importing Assets/Materials/star blue.mat using Guid(1ab381bf84927e4449d1fcd00b922340) Importer(815301076,1909f56bfc062723c751e8b465ee728b)  -> (artifact id: '97cb23e23efe12ef0ba02ea44a3e66d0') in 0.042750 seconds
  Import took 0.047037 seconds .

========================================================================
Received Import Request.
  Time since last request: 0.000322 seconds.
  path: Assets/Materials/LaserGlow 1.mat
  artifactKey: Guid(9a5439e290f088545947a4abd16ccfe9) Importer(815301076,1909f56bfc062723c751e8b465ee728b)
Start importing Assets/Materials/LaserGlow 1.mat using Guid(9a5439e290f088545947a4abd16ccfe9) Importer(815301076,1909f56bfc062723c751e8b465ee728b)  -> (artifact id: '595ec2e67c91862385b2248a46d18ae8') in 0.039382 seconds
  Import took 0.043081 seconds .

========================================================================
Received Import Request.
  Time since last request: 0.000295 seconds.
  path: Assets/Materials/Jelly.mat
  artifactKey: Guid(a0a3b2b5ae586734daabafac42448977) Importer(815301076,1909f56bfc062723c751e8b465ee728b)
Start importing Assets/Materials/Jelly.mat using Guid(a0a3b2b5ae586734daabafac42448977) Importer(815301076,1909f56bfc062723c751e8b465ee728b)  -> (artifact id: '4acaff96565eb367d85f202366651f8e') in 0.043858 seconds
  Import took 0.047303 seconds .

========================================================================
Received Import Request.
  Time since last request: 0.000241 seconds.
  path: Assets/Materials/LaserGlow.mat
  artifactKey: Guid(338020eb18e405347ae71eb8858b01be) Importer(815301076,1909f56bfc062723c751e8b465ee728b)
Start importing Assets/Materials/LaserGlow.mat using Guid(338020eb18e405347ae71eb8858b01be) Importer(815301076,1909f56bfc062723c751e8b465ee728b)  -> (artifact id: 'c507c713cb9e02952e20b9a0409cc403') in 0.033622 seconds
  Import took 0.037061 seconds .

========================================================================
Received Import Request.
  Time since last request: 9.849299 seconds.
  path: Assets/Materials/jellymaster.png
  artifactKey: Guid(62158ce923717f5449564593e5a9650e) Importer(815301076,1909f56bfc062723c751e8b465ee728b)
Start importing Assets/Materials/jellymaster.png using Guid(62158ce923717f5449564593e5a9650e) Importer(815301076,1909f56bfc062723c751e8b465ee728b)  -> (artifact id: '6e52b1a5f52161c538afc702e9ac2d81') in 0.029871 seconds
  Import took 0.033816 seconds .

========================================================================
Received Import Request.
  Time since last request: 6.686650 seconds.
  path: Assets/Materials/jellymaster.png
  artifactKey: Guid(62158ce923717f5449564593e5a9650e) Importer(815301076,1909f56bfc062723c751e8b465ee728b)
Start importing Assets/Materials/jellymaster.png using Guid(62158ce923717f5449564593e5a9650e) Importer(815301076,1909f56bfc062723c751e8b465ee728b)  -> (artifact id: '79fc1cb4f188d527516ed7636609d6cf') in 0.026126 seconds
  Import took 0.030241 seconds .

========================================================================
Received Import Request.
  Time since last request: 3.701568 seconds.
  path: Assets/Materials/jellymaster.png
  artifactKey: Guid(62158ce923717f5449564593e5a9650e) Importer(815301076,1909f56bfc062723c751e8b465ee728b)
Start importing Assets/Materials/jellymaster.png using Guid(62158ce923717f5449564593e5a9650e) Importer(815301076,1909f56bfc062723c751e8b465ee728b)  -> (artifact id: '0107ba157d2f51ae8ed9f3daa5dcda85') in 0.028330 seconds
  Import took 0.031978 seconds .

========================================================================
Received Import Request.
  Time since last request: 8.404030 seconds.
  path: Assets/Materials/jellymaster.png
  artifactKey: Guid(62158ce923717f5449564593e5a9650e) Importer(815301076,1909f56bfc062723c751e8b465ee728b)
Start importing Assets/Materials/jellymaster.png using Guid(62158ce923717f5449564593e5a9650e) Importer(815301076,1909f56bfc062723c751e8b465ee728b)  -> (artifact id: 'dc9c80a7ba3b5591ce6e6bb94d50f334') in 0.031460 seconds
  Import took 0.035695 seconds .

========================================================================
Received Import Request.
  Time since last request: 18.774846 seconds.
  path: Assets/Materials/jellymaster.png
  artifactKey: Guid(62158ce923717f5449564593e5a9650e) Importer(815301076,1909f56bfc062723c751e8b465ee728b)
Start importing Assets/Materials/jellymaster.png using Guid(62158ce923717f5449564593e5a9650e) Importer(815301076,1909f56bfc062723c751e8b465ee728b)  -> (artifact id: '32ffcf078ca58e0a82104f2a16ec0bf4') in 0.048953 seconds
  Import took 0.055051 seconds .

========================================================================
Received Import Request.
  Time since last request: 14.827060 seconds.
  path: Assets/Materials/jellymaster.png
  artifactKey: Guid(62158ce923717f5449564593e5a9650e) Importer(815301076,1909f56bfc062723c751e8b465ee728b)
Start importing Assets/Materials/jellymaster.png using Guid(62158ce923717f5449564593e5a9650e) Importer(815301076,1909f56bfc062723c751e8b465ee728b)  -> (artifact id: 'e6b65217798820228444fec9bd6baac2') in 0.034466 seconds
  Import took 0.038897 seconds .

========================================================================
Received Import Request.
  Time since last request: 10.380087 seconds.
  path: Assets/Materials/jellymaster.png
  artifactKey: Guid(62158ce923717f5449564593e5a9650e) Importer(815301076,1909f56bfc062723c751e8b465ee728b)
Start importing Assets/Materials/jellymaster.png using Guid(62158ce923717f5449564593e5a9650e) Importer(815301076,1909f56bfc062723c751e8b465ee728b)  -> (artifact id: '472d2a0a657ddb58cb0491d2a9902518') in 0.033309 seconds
  Import took 0.038690 seconds .

========================================================================
Received Import Request.
  Time since last request: 3.960204 seconds.
  path: Assets/Materials/jellymaster.png
  artifactKey: Guid(62158ce923717f5449564593e5a9650e) Importer(815301076,1909f56bfc062723c751e8b465ee728b)
Start importing Assets/Materials/jellymaster.png using Guid(62158ce923717f5449564593e5a9650e) Importer(815301076,1909f56bfc062723c751e8b465ee728b)  -> (artifact id: '5f2bcb3a8a288dbe57345f767ad7548b') in 0.032352 seconds
  Import took 0.036542 seconds .

========================================================================
Received Import Request.
  Time since last request: 3.423220 seconds.
  path: Assets/Materials/jellymaster.png
  artifactKey: Guid(62158ce923717f5449564593e5a9650e) Importer(815301076,1909f56bfc062723c751e8b465ee728b)
Start importing Assets/Materials/jellymaster.png using Guid(62158ce923717f5449564593e5a9650e) Importer(815301076,1909f56bfc062723c751e8b465ee728b)  -> (artifact id: '942349d738e5a9632b8b18a3d6beb7da') in 0.028012 seconds
  Import took 0.031656 seconds .

========================================================================
Received Import Request.
  Time since last request: 17.982372 seconds.
  path: Assets/Materials/jellymaster.png
  artifactKey: Guid(62158ce923717f5449564593e5a9650e) Importer(815301076,1909f56bfc062723c751e8b465ee728b)
Start importing Assets/Materials/jellymaster.png using Guid(62158ce923717f5449564593e5a9650e) Importer(815301076,1909f56bfc062723c751e8b465ee728b)  -> (artifact id: '48069650c272d19bf6da6d5819d96d6d') in 0.042874 seconds
  Import took 0.047466 seconds .

========================================================================
Received Import Request.
  Time since last request: 5.400764 seconds.
  path: Assets/Materials/jellymaster.png
  artifactKey: Guid(62158ce923717f5449564593e5a9650e) Importer(815301076,1909f56bfc062723c751e8b465ee728b)
Start importing Assets/Materials/jellymaster.png using Guid(62158ce923717f5449564593e5a9650e) Importer(815301076,1909f56bfc062723c751e8b465ee728b)  -> (artifact id: '2ca65be2e5308f47cce71b6f374dc0a6') in 0.036332 seconds
  Import took 0.040756 seconds .

========================================================================
Received Import Request.
  Time since last request: 4.627273 seconds.
  path: Assets/Materials/jellymaster.png
  artifactKey: Guid(62158ce923717f5449564593e5a9650e) Importer(815301076,1909f56bfc062723c751e8b465ee728b)
Start importing Assets/Materials/jellymaster.png using Guid(62158ce923717f5449564593e5a9650e) Importer(815301076,1909f56bfc062723c751e8b465ee728b)  -> (artifact id: 'fb72d5c0c91f074bba8c72d970d6976b') in 0.026904 seconds
  Import took 0.030934 seconds .

========================================================================
Received Import Request.
  Time since last request: 12.720335 seconds.
  path: Assets/Materials/jellymaster.png
  artifactKey: Guid(62158ce923717f5449564593e5a9650e) Importer(815301076,1909f56bfc062723c751e8b465ee728b)
Start importing Assets/Materials/jellymaster.png using Guid(62158ce923717f5449564593e5a9650e) Importer(815301076,1909f56bfc062723c751e8b465ee728b)  -> (artifact id: '97018821b50f25482517944778cfd855') in 0.036889 seconds
  Import took 0.040296 seconds .

========================================================================
Received Import Request.
  Time since last request: 2.950229 seconds.
  path: Assets/Materials/jellymaster.png
  artifactKey: Guid(62158ce923717f5449564593e5a9650e) Importer(815301076,1909f56bfc062723c751e8b465ee728b)
Start importing Assets/Materials/jellymaster.png using Guid(62158ce923717f5449564593e5a9650e) Importer(815301076,1909f56bfc062723c751e8b465ee728b)  -> (artifact id: 'b846449ee1804cabb7d52a85cbb97bf3') in 0.026791 seconds
  Import took 0.031835 seconds .

========================================================================
Received Import Request.
  Time since last request: 5.531163 seconds.
  path: Assets/Materials/jellymaster.png
  artifactKey: Guid(62158ce923717f5449564593e5a9650e) Importer(815301076,1909f56bfc062723c751e8b465ee728b)
Start importing Assets/Materials/jellymaster.png using Guid(62158ce923717f5449564593e5a9650e) Importer(815301076,1909f56bfc062723c751e8b465ee728b)  -> (artifact id: '3c98eada547ee0636f551afd7b9b99f5') in 0.025125 seconds
  Import took 0.028864 seconds .

========================================================================
Received Prepare
Registering precompiled user dll's ...
Registered in 0.000929 seconds.
Begin MonoManager ReloadAssembly
Native extension for LinuxStandalone target not found
Native extension for WindowsStandalone target not found
Native extension for WebGL target not found
Refreshing native plugins compatible for Editor in 0.34 ms, found 0 plugins.
Preloading 0 native plugins for Editor in 0.00 ms.
Mono: successfully reloaded assembly
- Completed reload, in  1.140 seconds
Platform modules already initialized, skipping
Refreshing native plugins compatible for Editor in 0.42 ms, found 0 plugins.
Preloading 0 native plugins for Editor in 0.00 ms.
Unloading 1643 Unused Serialized files (Serialized files now loaded: 0)
System memory in use before: 169.7 MB.
System memory in use after: 169.8 MB.

Unloading 6 unused Assets to reduce memory usage. Loaded Objects now: 2212.
Total: 2.256700 ms (FindLiveObjects: 0.213000 ms CreateObjectMapping: 0.069300 ms MarkObjects: 1.940200 ms  DeleteObjects: 0.032300 ms)

========================================================================
Received Import Request.
  Time since last request: 497.004562 seconds.
  path: Assets/player controls.inputactions
  artifactKey: Guid(42c78840800254648abb8e86740ae373) Importer(815301076,1909f56bfc062723c751e8b465ee728b)
Start importing Assets/player controls.inputactions using Guid(42c78840800254648abb8e86740ae373) Importer(815301076,1909f56bfc062723c751e8b465ee728b)  -> (artifact id: 'b1a0eaa1728f1fca0e2271e052adc709') in 0.044372 seconds
  Import took 0.048373 seconds .

========================================================================
Received Import Request.
  Time since last request: 141.931052 seconds.
  path: Assets/player controls.cs
  artifactKey: Guid(09e4bdd4142ff894b9bbc675570f1f03) Importer(815301076,1909f56bfc062723c751e8b465ee728b)
Start importing Assets/player controls.cs using Guid(09e4bdd4142ff894b9bbc675570f1f03) Importer(815301076,1909f56bfc062723c751e8b465ee728b)  -> (artifact id: '04073edb1a53ba680ff5aea0b4c07d75') in 0.010139 seconds
  Import took 0.013614 seconds .

========================================================================
Received Import Request.
  Time since last request: 0.026890 seconds.
  path: Assets/player controls.cs
  artifactKey: Guid(09e4bdd4142ff894b9bbc675570f1f03) Importer(815301076,1909f56bfc062723c751e8b465ee728b)
Start importing Assets/player controls.cs using Guid(09e4bdd4142ff894b9bbc675570f1f03) Importer(815301076,1909f56bfc062723c751e8b465ee728b)  -> (artifact id: '04073edb1a53ba680ff5aea0b4c07d75') in 0.015461 seconds
  Import took 0.018513 seconds .

========================================================================
Received Import Request.
  Time since last request: 6.547234 seconds.
  path: Assets/player controls.inputactions
  artifactKey: Guid(42c78840800254648abb8e86740ae373) Importer(815301076,1909f56bfc062723c751e8b465ee728b)
Start importing Assets/player controls.inputactions using Guid(42c78840800254648abb8e86740ae373) Importer(815301076,1909f56bfc062723c751e8b465ee728b)  -> (artifact id: '13937bd1246b92756e34fd266b0c65b1') in 0.021679 seconds
  Import took 0.026205 seconds .

========================================================================
Received Import Request.
  Time since last request: 0.034303 seconds.
  path: Assets/player controls.inputactions
  artifactKey: Guid(42c78840800254648abb8e86740ae373) Importer(815301076,1909f56bfc062723c751e8b465ee728b)
Start importing Assets/player controls.inputactions using Guid(42c78840800254648abb8e86740ae373) Importer(815301076,1909f56bfc062723c751e8b465ee728b)  -> (artifact id: '13937bd1246b92756e34fd266b0c65b1') in 0.039960 seconds
  Import took 0.044796 seconds .

========================================================================
Received Import Request.
  Time since last request: 6.239090 seconds.
  path: Assets/Scripts/player controls.cs
  artifactKey: Guid(06b2c9b11c25a9e488c5811deaf01454) Importer(815301076,1909f56bfc062723c751e8b465ee728b)
Start importing Assets/Scripts/player controls.cs using Guid(06b2c9b11c25a9e488c5811deaf01454) Importer(815301076,1909f56bfc062723c751e8b465ee728b)  -> (artifact id: '4989268a8631478cd5314b6514ed3d20') in 0.010107 seconds
  Import took 0.013319 seconds .

========================================================================
Received Prepare
Registering precompiled user dll's ...
Registered in 0.001256 seconds.
Begin MonoManager ReloadAssembly
Native extension for LinuxStandalone target not found
Native extension for WindowsStandalone target not found
Native extension for WebGL target not found
Refreshing native plugins compatible for Editor in 0.54 ms, found 0 plugins.
Preloading 0 native plugins for Editor in 0.00 ms.
Mono: successfully reloaded assembly
- Completed reload, in  1.227 seconds
Platform modules already initialized, skipping
Refreshing native plugins compatible for Editor in 0.34 ms, found 0 plugins.
Preloading 0 native plugins for Editor in 0.00 ms.
Unloading 1643 Unused Serialized files (Serialized files now loaded: 0)
System memory in use before: 169.7 MB.
System memory in use after: 169.8 MB.

Unloading 6 unused Assets to reduce memory usage. Loaded Objects now: 2216.
Total: 4.672900 ms (FindLiveObjects: 0.244000 ms CreateObjectMapping: 0.077500 ms MarkObjects: 4.319400 ms  DeleteObjects: 0.030500 ms)

========================================================================
Received Prepare
Registering precompiled user dll's ...
Registered in 0.001033 seconds.
Begin MonoManager ReloadAssembly
Native extension for LinuxStandalone target not found
Native extension for WindowsStandalone target not found
Native extension for WebGL target not found
Refreshing native plugins compatible for Editor in 0.60 ms, found 0 plugins.
Preloading 0 native plugins for Editor in 0.00 ms.
Mono: successfully reloaded assembly
- Completed reload, in  1.196 seconds
Platform modules already initialized, skipping
Refreshing native plugins compatible for Editor in 0.39 ms, found 0 plugins.
Preloading 0 native plugins for Editor in 0.00 ms.
Unloading 1643 Unused Serialized files (Serialized files now loaded: 0)
System memory in use before: 169.7 MB.
System memory in use after: 169.8 MB.

Unloading 6 unused Assets to reduce memory usage. Loaded Objects now: 2219.
Total: 2.532400 ms (FindLiveObjects: 0.213200 ms CreateObjectMapping: 0.071400 ms MarkObjects: 2.215800 ms  DeleteObjects: 0.030600 ms)

========================================================================
Received Import Request.
  Time since last request: 34.895360 seconds.
  path: Assets/player controls.inputactions
  artifactKey: Guid(42c78840800254648abb8e86740ae373) Importer(815301076,1909f56bfc062723c751e8b465ee728b)
Start importing Assets/player controls.inputactions using Guid(42c78840800254648abb8e86740ae373) Importer(815301076,1909f56bfc062723c751e8b465ee728b)  -> (artifact id: 'fe648863c0da5ad2830395558791d5cd') in 0.040333 seconds
  Import took 0.043469 seconds .

========================================================================
Received Prepare
Registering precompiled user dll's ...
Registered in 0.003528 seconds.
Begin MonoManager ReloadAssembly
Native extension for LinuxStandalone target not found
Native extension for WindowsStandalone target not found
Native extension for WebGL target not found
Refreshing native plugins compatible for Editor in 0.48 ms, found 0 plugins.
Preloading 0 native plugins for Editor in 0.00 ms.
Mono: successfully reloaded assembly
- Completed reload, in  1.284 seconds
Platform modules already initialized, skipping
Refreshing native plugins compatible for Editor in 0.41 ms, found 0 plugins.
Preloading 0 native plugins for Editor in 0.00 ms.
Unloading 1643 Unused Serialized files (Serialized files now loaded: 0)
System memory in use before: 169.7 MB.
System memory in use after: 169.8 MB.

Unloading 6 unused Assets to reduce memory usage. Loaded Objects now: 2222.
Total: 3.355200 ms (FindLiveObjects: 0.191100 ms CreateObjectMapping: 0.065900 ms MarkObjects: 3.078200 ms  DeleteObjects: 0.018600 ms)

========================================================================
Received Prepare
Registering precompiled user dll's ...
Registered in 0.001112 seconds.
Begin MonoManager ReloadAssembly
Native extension for LinuxStandalone target not found
Native extension for WindowsStandalone target not found
Native extension for WebGL target not found
Refreshing native plugins compatible for Editor in 0.31 ms, found 0 plugins.
Preloading 0 native plugins for Editor in 0.00 ms.
Mono: successfully reloaded assembly
- Completed reload, in  1.140 seconds
Platform modules already initialized, skipping
Refreshing native plugins compatible for Editor in 0.32 ms, found 0 plugins.
Preloading 0 native plugins for Editor in 0.00 ms.
Unloading 1643 Unused Serialized files (Serialized files now loaded: 0)
System memory in use before: 169.7 MB.
System memory in use after: 169.8 MB.

Unloading 6 unused Assets to reduce memory usage. Loaded Objects now: 2225.
Total: 2.417300 ms (FindLiveObjects: 0.198200 ms CreateObjectMapping: 0.070200 ms MarkObjects: 2.115600 ms  DeleteObjects: 0.032000 ms)

========================================================================
Received Import Request.
  Time since last request: 102.458586 seconds.
  path: Assets/Scripts/PlayerStats.cs
  artifactKey: Guid(d0e0ab79e2ed9ed47b763799932e53ac) Importer(815301076,1909f56bfc062723c751e8b465ee728b)
Start importing Assets/Scripts/PlayerStats.cs using Guid(d0e0ab79e2ed9ed47b763799932e53ac) Importer(815301076,1909f56bfc062723c751e8b465ee728b)  -> (artifact id: 'be52e4e46ebfb2cdf6666c37cea17d6e') in 0.026456 seconds
  Import took 0.029592 seconds .

========================================================================
Received Prepare
Registering precompiled user dll's ...
Registered in 0.000980 seconds.
Begin MonoManager ReloadAssembly
Native extension for LinuxStandalone target not found
Native extension for WindowsStandalone target not found
Native extension for WebGL target not found
Refreshing native plugins compatible for Editor in 0.31 ms, found 0 plugins.
Preloading 0 native plugins for Editor in 0.00 ms.
Mono: successfully reloaded assembly
- Completed reload, in  1.258 seconds
Platform modules already initialized, skipping
Refreshing native plugins compatible for Editor in 0.40 ms, found 0 plugins.
Preloading 0 native plugins for Editor in 0.00 ms.
Unloading 1643 Unused Serialized files (Serialized files now loaded: 0)
System memory in use before: 169.7 MB.
System memory in use after: 169.8 MB.

Unloading 6 unused Assets to reduce memory usage. Loaded Objects now: 2228.
Total: 2.679000 ms (FindLiveObjects: 0.217900 ms CreateObjectMapping: 0.152800 ms MarkObjects: 2.265600 ms  DeleteObjects: 0.041200 ms)

========================================================================
Received Import Request.
  Time since last request: 2537.161423 seconds.
  path: Packages/com.unity.ide.visualstudio/package.json
  artifactKey: Guid(656f74f6edaa396458412b9e3903d8cd) Importer(815301076,1909f56bfc062723c751e8b465ee728b)
Start importing Packages/com.unity.ide.visualstudio/package.json using Guid(656f74f6edaa396458412b9e3903d8cd) Importer(815301076,1909f56bfc062723c751e8b465ee728b)  -> (artifact id: 'aaebab8f2c98d6a3098af3efeee866e1') in 0.030727 seconds
  Import took 0.036278 seconds .

========================================================================
Received Import Request.
  Time since last request: 0.585137 seconds.
  path: Packages/com.unity.ugui/package.json
  artifactKey: Guid(319b8889f363f5947acf209c17a94149) Importer(815301076,1909f56bfc062723c751e8b465ee728b)
Start importing Packages/com.unity.ugui/package.json using Guid(319b8889f363f5947acf209c17a94149) Importer(815301076,1909f56bfc062723c751e8b465ee728b)  -> (artifact id: '3b328bf4b7d784ea295633f5ae8cc7be') in 0.008130 seconds
  Import took 0.016613 seconds .

========================================================================
Received Import Request.
  Time since last request: 0.600799 seconds.
  path: Packages/com.unity.ide.vscode/package.json
  artifactKey: Guid(ffc6271f08270b64ca0aae9c49235d81) Importer(815301076,1909f56bfc062723c751e8b465ee728b)
Start importing Packages/com.unity.ide.vscode/package.json using Guid(ffc6271f08270b64ca0aae9c49235d81) Importer(815301076,1909f56bfc062723c751e8b465ee728b)  -> (artifact id: '031eb9595398ec31bd9fad8aeedfdeb2') in 0.020529 seconds
  Import took 0.029659 seconds .

========================================================================
Received Prepare
Registering precompiled user dll's ...
Registered in 0.001386 seconds.
Begin MonoManager ReloadAssembly
Native extension for LinuxStandalone target not found
Native extension for WindowsStandalone target not found
Native extension for WebGL target not found
Refreshing native plugins compatible for Editor in 0.34 ms, found 0 plugins.
Preloading 0 native plugins for Editor in 0.00 ms.
Mono: successfully reloaded assembly
- Completed reload, in  1.036 seconds
Platform modules already initialized, skipping
Refreshing native plugins compatible for Editor in 0.36 ms, found 0 plugins.
Preloading 0 native plugins for Editor in 0.00 ms.
Unloading 1643 Unused Serialized files (Serialized files now loaded: 0)
System memory in use before: 169.8 MB.
System memory in use after: 169.9 MB.

Unloading 6 unused Assets to reduce memory usage. Loaded Objects now: 2231.
Total: 2.596700 ms (FindLiveObjects: 0.208400 ms CreateObjectMapping: 0.073700 ms MarkObjects: 2.267700 ms  DeleteObjects: 0.045800 ms)

========================================================================
Received Import Request.
  Time since last request: 239.118176 seconds.
  path: Assets/Materials/New Material.mat
  artifactKey: Guid(bc11aabc73675124b84e74fb95a96560) Importer(815301076,1909f56bfc062723c751e8b465ee728b)
Start importing Assets/Materials/New Material.mat using Guid(bc11aabc73675124b84e74fb95a96560) Importer(815301076,1909f56bfc062723c751e8b465ee728b)  -> (artifact id: 'ca277ca541d69737986197057d51d379') in 0.066626 seconds
  Import took 0.069787 seconds .

========================================================================
Received Import Request.
  Time since last request: 314.206650 seconds.
  path: Assets/Materials/Toon/Shaders/ToonComplete.shader
  artifactKey: Guid(99bb36e9d2c76874e8e8e2baed6debca) Importer(815301076,1909f56bfc062723c751e8b465ee728b)
Start importing Assets/Materials/Toon/Shaders/ToonComplete.shader using Guid(99bb36e9d2c76874e8e8e2baed6debca) Importer(815301076,1909f56bfc062723c751e8b465ee728b)  -> (artifact id: '1cbb309a8472ebebeee5c730c46134eb') in 0.067554 seconds
  Import took 0.071201 seconds .

========================================================================
Received Import Request.
  Time since last request: 0.000220 seconds.
  path: Assets/Materials/Toon/Shaders/ShadowReceiver.shader
  artifactKey: Guid(9422b07d94ecea04ca5386722f2e8e39) Importer(815301076,1909f56bfc062723c751e8b465ee728b)
Start importing Assets/Materials/Toon/Shaders/ShadowReceiver.shader using Guid(9422b07d94ecea04ca5386722f2e8e39) Importer(815301076,1909f56bfc062723c751e8b465ee728b)  -> (artifact id: 'cfff4b12d4b0393155a6d1ac1a0c194d') in 0.003043 seconds
  Import took 0.005965 seconds .

========================================================================
Received Import Request.
  Time since last request: 18.915586 seconds.
  path: Assets/Materials/Toon/Shaders/ToonComplete 1.shader
  artifactKey: Guid(709afe727f257534484411808da3cdc9) Importer(815301076,1909f56bfc062723c751e8b465ee728b)
Start importing Assets/Materials/Toon/Shaders/ToonComplete 1.shader using Guid(709afe727f257534484411808da3cdc9) Importer(815301076,1909f56bfc062723c751e8b465ee728b)  -> (artifact id: '938b13044b8721483859fc76a1f857cb') in 0.011661 seconds
  Import took 0.015005 seconds .

========================================================================
Received Import Request.
  Time since last request: 20.706077 seconds.
  path: Assets/Materials/Toon/Shaders/ToonSky.shader
  artifactKey: Guid(99bb36e9d2c76874e8e8e2baed6debca) Importer(815301076,1909f56bfc062723c751e8b465ee728b)
Start importing Assets/Materials/Toon/Shaders/ToonSky.shader using Guid(99bb36e9d2c76874e8e8e2baed6debca) Importer(815301076,1909f56bfc062723c751e8b465ee728b)  -> (artifact id: 'b20e51df4ca767a29fc30bbd9e3b8c31') in 0.008096 seconds
  Import took 0.011023 seconds .

========================================================================
Received Import Request.
  Time since last request: 3.583972 seconds.
  path: Assets/Materials/skytoon.mat
  artifactKey: Guid(bc11aabc73675124b84e74fb95a96560) Importer(815301076,1909f56bfc062723c751e8b465ee728b)
Start importing Assets/Materials/skytoon.mat using Guid(bc11aabc73675124b84e74fb95a96560) Importer(815301076,1909f56bfc062723c751e8b465ee728b)  -> (artifact id: '9a6c3c01769782c0e3de43fa31052b54') in 1.110174 seconds
  Import took 6.489089 seconds .

========================================================================
Received Prepare
Registering precompiled user dll's ...
Registered in 0.001005 seconds.
Begin MonoManager ReloadAssembly
Native extension for LinuxStandalone target not found
Native extension for WindowsStandalone target not found
Native extension for WebGL target not found
Refreshing native plugins compatible for Editor in 0.52 ms, found 0 plugins.
Preloading 0 native plugins for Editor in 0.00 ms.
Mono: successfully reloaded assembly
- Completed reload, in  3.272 seconds
Platform modules already initialized, skipping
Refreshing native plugins compatible for Editor in 0.41 ms, found 0 plugins.
Preloading 0 native plugins for Editor in 0.00 ms.
Unloading 1644 Unused Serialized files (Serialized files now loaded: 0)
System memory in use before: 170.1 MB.
System memory in use after: 170.1 MB.

Unloading 7 unused Assets to reduce memory usage. Loaded Objects now: 2235.
Total: 2.565700 ms (FindLiveObjects: 0.212600 ms CreateObjectMapping: 0.075600 ms MarkObjects: 2.109700 ms  DeleteObjects: 0.165800 ms)

========================================================================
Received Import Request.
  Time since last request: 732.720012 seconds.
  path: Assets/Materials/New Material.mat
  artifactKey: Guid(340a2cbf9dc73f542ac9dd8071d71a18) Importer(815301076,1909f56bfc062723c751e8b465ee728b)
Start importing Assets/Materials/New Material.mat using Guid(340a2cbf9dc73f542ac9dd8071d71a18) Importer(815301076,1909f56bfc062723c751e8b465ee728b)  -> (artifact id: '12892147e5e48591e936a70a82e161fc') in 0.080077 seconds
  Import took 0.083820 seconds .

========================================================================
Received Import Request.
  Time since last request: 468.428291 seconds.
  path: Assets/Materials/Toon/Shaders/ToonSky.shader
  artifactKey: Guid(99bb36e9d2c76874e8e8e2baed6debca) Importer(815301076,1909f56bfc062723c751e8b465ee728b)
Start importing Assets/Materials/Toon/Shaders/ToonSky.shader using Guid(99bb36e9d2c76874e8e8e2baed6debca) Importer(815301076,1909f56bfc062723c751e8b465ee728b)  -> (artifact id: 'cbb337cb7f321df25f3de1e97d20dbe8') in 0.022758 seconds
  Import took 0.026331 seconds .

========================================================================
Received Import Request.
  Time since last request: 4.252177 seconds.
  path: Assets/Materials/Toon/Shaders/ToonSkybox.shader
  artifactKey: Guid(99bb36e9d2c76874e8e8e2baed6debca) Importer(815301076,1909f56bfc062723c751e8b465ee728b)
Start importing Assets/Materials/Toon/Shaders/ToonSkybox.shader using Guid(99bb36e9d2c76874e8e8e2baed6debca) Importer(815301076,1909f56bfc062723c751e8b465ee728b)  -> (artifact id: '395900705d7c52c7b4d3308e650a0eb3') in 0.008321 seconds
  Import took 0.011661 seconds .

========================================================================
Received Prepare
Registering precompiled user dll's ...
Registered in 0.000994 seconds.
Begin MonoManager ReloadAssembly
Native extension for LinuxStandalone target not found
Native extension for WindowsStandalone target not found
Native extension for WebGL target not found
Refreshing native plugins compatible for Editor in 0.51 ms, found 0 plugins.
Preloading 0 native plugins for Editor in 0.00 ms.
Mono: successfully reloaded assembly
- Completed reload, in  1.321 seconds
Platform modules already initialized, skipping
Refreshing native plugins compatible for Editor in 0.34 ms, found 0 plugins.
Preloading 0 native plugins for Editor in 0.00 ms.
Unloading 1644 Unused Serialized files (Serialized files now loaded: 0)
System memory in use before: 170.1 MB.
System memory in use after: 170.2 MB.

Unloading 7 unused Assets to reduce memory usage. Loaded Objects now: 2239.
Total: 2.652600 ms (FindLiveObjects: 0.236900 ms CreateObjectMapping: 0.078300 ms MarkObjects: 2.106400 ms  DeleteObjects: 0.229500 ms)

========================================================================
Received Import Request.
  Time since last request: 2406.959453 seconds.
  path: Assets/Skybox/front.png
  artifactKey: Guid(a500d8f9cd21b3841bc8999b32305514) Importer(815301076,1909f56bfc062723c751e8b465ee728b)
Start importing Assets/Skybox/front.png using Guid(a500d8f9cd21b3841bc8999b32305514) Importer(815301076,1909f56bfc062723c751e8b465ee728b)  -> (artifact id: 'e2c4f9f920f4c3d5907dff3445d3ef54') in 0.098182 seconds
  Import took 0.103932 seconds .

========================================================================
Received Prepare
Registering precompiled user dll's ...
Registered in 0.001022 seconds.
Begin MonoManager ReloadAssembly
Native extension for LinuxStandalone target not found
Native extension for WindowsStandalone target not found
Native extension for WebGL target not found
Refreshing native plugins compatible for Editor in 0.99 ms, found 0 plugins.
Preloading 0 native plugins for Editor in 0.00 ms.
Mono: successfully reloaded assembly
- Completed reload, in  1.408 seconds
Platform modules already initialized, skipping
Refreshing native plugins compatible for Editor in 0.32 ms, found 0 plugins.
Preloading 0 native plugins for Editor in 0.00 ms.
Unloading 1644 Unused Serialized files (Serialized files now loaded: 0)
System memory in use before: 170.2 MB.
System memory in use after: 170.2 MB.

Unloading 7 unused Assets to reduce memory usage. Loaded Objects now: 2242.
Total: 5.291100 ms (FindLiveObjects: 0.274600 ms CreateObjectMapping: 0.102700 ms MarkObjects: 4.725400 ms  DeleteObjects: 0.186700 ms)

========================================================================
Received Prepare
Registering precompiled user dll's ...
Registered in 0.001195 seconds.
Begin MonoManager ReloadAssembly
Native extension for LinuxStandalone target not found
Native extension for WindowsStandalone target not found
Native extension for WebGL target not found
Refreshing native plugins compatible for Editor in 0.42 ms, found 0 plugins.
Preloading 0 native plugins for Editor in 0.00 ms.
Mono: successfully reloaded assembly
- Completed reload, in  3.122 seconds
Platform modules already initialized, skipping
Script is not up to date after domain reload: guid(d75c2dda8701a554296e66f9ed84ad3c) path("Assets/player controls.cs") state(2)
Refreshing native plugins compatible for Editor in 0.32 ms, found 0 plugins.
Preloading 0 native plugins for Editor in 0.00 ms.
Unloading 1644 Unused Serialized files (Serialized files now loaded: 0)
System memory in use before: 170.2 MB.
System memory in use after: 170.2 MB.

Unloading 7 unused Assets to reduce memory usage. Loaded Objects now: 2245.
Total: 2.883100 ms (FindLiveObjects: 0.272800 ms CreateObjectMapping: 0.076600 ms MarkObjects: 2.294200 ms  DeleteObjects: 0.224100 ms)

========================================================================
Received Import Request.
  Time since last request: 539.059472 seconds.
  path: Assets/player controls.inputactions
  artifactKey: Guid(42c78840800254648abb8e86740ae373) Importer(815301076,1909f56bfc062723c751e8b465ee728b)
Start importing Assets/player controls.inputactions using Guid(42c78840800254648abb8e86740ae373) Importer(815301076,1909f56bfc062723c751e8b465ee728b)  -> (artifact id: 'f185350b7b1a4951867fd5afc9ea8d46') in 0.024155 seconds
  Import took 0.028283 seconds .

========================================================================
Received Import Request.
  Time since last request: 5.569109 seconds.
  path: Assets/player controls.cs
  artifactKey: Guid(d75c2dda8701a554296e66f9ed84ad3c) Importer(815301076,1909f56bfc062723c751e8b465ee728b)
Start importing Assets/player controls.cs using Guid(d75c2dda8701a554296e66f9ed84ad3c) Importer(815301076,1909f56bfc062723c751e8b465ee728b)  -> (artifact id: '22ffcfb20f92eb24e869e1eb123a1812') in 0.008636 seconds
  Import took 0.013117 seconds .

========================================================================
Received Import Request.
  Time since last request: 0.003067 seconds.
  path: Assets/player controls.cs
  artifactKey: Guid(d75c2dda8701a554296e66f9ed84ad3c) Importer(815301076,1909f56bfc062723c751e8b465ee728b)
Start importing Assets/player controls.cs using Guid(d75c2dda8701a554296e66f9ed84ad3c) Importer(815301076,1909f56bfc062723c751e8b465ee728b)  -> (artifact id: '22ffcfb20f92eb24e869e1eb123a1812') in 0.013545 seconds
  Import took 0.016691 seconds .

========================================================================
Received Prepare
Registering precompiled user dll's ...
Registered in 0.001494 seconds.
Begin MonoManager ReloadAssembly
Native extension for LinuxStandalone target not found
Native extension for WindowsStandalone target not found
Native extension for WebGL target not found
Refreshing native plugins compatible for Editor in 0.33 ms, found 0 plugins.
Preloading 0 native plugins for Editor in 0.00 ms.
Mono: successfully reloaded assembly
- Completed reload, in  1.288 seconds
Platform modules already initialized, skipping
Refreshing native plugins compatible for Editor in 0.70 ms, found 0 plugins.
Preloading 0 native plugins for Editor in 0.00 ms.
Unloading 1644 Unused Serialized files (Serialized files now loaded: 0)
System memory in use before: 170.2 MB.
System memory in use after: 170.2 MB.

Unloading 7 unused Assets to reduce memory usage. Loaded Objects now: 2248.
Total: 2.526300 ms (FindLiveObjects: 0.205600 ms CreateObjectMapping: 0.070200 ms MarkObjects: 2.069900 ms  DeleteObjects: 0.179300 ms)

========================================================================
Received Import Request.
  Time since last request: 57.834078 seconds.
  path: Assets/Scripts/player controls.inputactions
  artifactKey: Guid(42c78840800254648abb8e86740ae373) Importer(815301076,1909f56bfc062723c751e8b465ee728b)
Start importing Assets/Scripts/player controls.inputactions using Guid(42c78840800254648abb8e86740ae373) Importer(815301076,1909f56bfc062723c751e8b465ee728b)  -> (artifact id: 'ff41628f7a0738a0490dd458c3642861') in 0.038599 seconds
  Import took 0.042278 seconds .

========================================================================
Received Prepare
Registering precompiled user dll's ...
Registered in 0.001004 seconds.
Begin MonoManager ReloadAssembly
Native extension for LinuxStandalone target not found
Native extension for WindowsStandalone target not found
Native extension for WebGL target not found
Refreshing native plugins compatible for Editor in 0.35 ms, found 0 plugins.
Preloading 0 native plugins for Editor in 0.00 ms.
Mono: successfully reloaded assembly
- Completed reload, in  1.274 seconds
Platform modules already initialized, skipping
Refreshing native plugins compatible for Editor in 0.31 ms, found 0 plugins.
Preloading 0 native plugins for Editor in 0.00 ms.
Unloading 1644 Unused Serialized files (Serialized files now loaded: 0)
System memory in use before: 170.2 MB.
System memory in use after: 170.3 MB.

Unloading 7 unused Assets to reduce memory usage. Loaded Objects now: 2251.
Total: 3.624700 ms (FindLiveObjects: 0.260200 ms CreateObjectMapping: 0.075800 ms MarkObjects: 3.050000 ms  DeleteObjects: 0.236900 ms)

========================================================================
Received Prepare
Registering precompiled user dll's ...
Registered in 0.001065 seconds.
Begin MonoManager ReloadAssembly
Native extension for LinuxStandalone target not found
Native extension for WindowsStandalone target not found
Native extension for WebGL target not found
Refreshing native plugins compatible for Editor in 0.41 ms, found 0 plugins.
Preloading 0 native plugins for Editor in 0.00 ms.
Mono: successfully reloaded assembly
- Completed reload, in  1.205 seconds
Platform modules already initialized, skipping
Refreshing native plugins compatible for Editor in 0.41 ms, found 0 plugins.
Preloading 0 native plugins for Editor in 0.00 ms.
Unloading 1644 Unused Serialized files (Serialized files now loaded: 0)
System memory in use before: 170.2 MB.
System memory in use after: 170.3 MB.

Unloading 7 unused Assets to reduce memory usage. Loaded Objects now: 2254.
Total: 2.432300 ms (FindLiveObjects: 0.222000 ms CreateObjectMapping: 0.080800 ms MarkObjects: 1.965200 ms  DeleteObjects: 0.162700 ms)

========================================================================
Received Import Request.
  Time since last request: 57.830996 seconds.
  path: Assets/Scripts/player controls.inputactions
  artifactKey: Guid(42c78840800254648abb8e86740ae373) Importer(815301076,1909f56bfc062723c751e8b465ee728b)
Start importing Assets/Scripts/player controls.inputactions using Guid(42c78840800254648abb8e86740ae373) Importer(815301076,1909f56bfc062723c751e8b465ee728b)  -> (artifact id: 'b01bb15881fcbb5293a58e73303cb9cd') in 0.024381 seconds
  Import took 0.027465 seconds .

========================================================================
Received Prepare
Registering precompiled user dll's ...
Registered in 0.001082 seconds.
Begin MonoManager ReloadAssembly
Native extension for LinuxStandalone target not found
Native extension for WindowsStandalone target not found
Native extension for WebGL target not found
Refreshing native plugins compatible for Editor in 0.31 ms, found 0 plugins.
Preloading 0 native plugins for Editor in 0.00 ms.
Mono: successfully reloaded assembly
- Completed reload, in  1.105 seconds
Platform modules already initialized, skipping
Refreshing native plugins compatible for Editor in 0.33 ms, found 0 plugins.
Preloading 0 native plugins for Editor in 0.00 ms.
Unloading 1644 Unused Serialized files (Serialized files now loaded: 0)
System memory in use before: 170.2 MB.
System memory in use after: 170.3 MB.

Unloading 7 unused Assets to reduce memory usage. Loaded Objects now: 2257.
Total: 3.213000 ms (FindLiveObjects: 0.226900 ms CreateObjectMapping: 0.074900 ms MarkObjects: 2.629700 ms  DeleteObjects: 0.279700 ms)

========================================================================
Received Prepare
Registering precompiled user dll's ...
Registered in 0.001188 seconds.
Begin MonoManager ReloadAssembly
Native extension for LinuxStandalone target not found
Native extension for WindowsStandalone target not found
Native extension for WebGL target not found
Refreshing native plugins compatible for Editor in 0.31 ms, found 0 plugins.
Preloading 0 native plugins for Editor in 0.00 ms.
Mono: successfully reloaded assembly
- Completed reload, in  1.204 seconds
Platform modules already initialized, skipping
Refreshing native plugins compatible for Editor in 0.33 ms, found 0 plugins.
Preloading 0 native plugins for Editor in 0.00 ms.
Unloading 1644 Unused Serialized files (Serialized files now loaded: 0)
System memory in use before: 170.3 MB.
System memory in use after: 170.3 MB.

Unloading 7 unused Assets to reduce memory usage. Loaded Objects now: 2260.
Total: 2.477900 ms (FindLiveObjects: 0.211100 ms CreateObjectMapping: 0.081100 ms MarkObjects: 1.996100 ms  DeleteObjects: 0.188100 ms)

========================================================================
Received Import Request.
  Time since last request: 51.810417 seconds.
  path: Assets/Scripts/player controls.inputactions
  artifactKey: Guid(42c78840800254648abb8e86740ae373) Importer(815301076,1909f56bfc062723c751e8b465ee728b)
Start importing Assets/Scripts/player controls.inputactions using Guid(42c78840800254648abb8e86740ae373) Importer(815301076,1909f56bfc062723c751e8b465ee728b)  -> (artifact id: 'f87183a9c83ad305c17819d4857e5770') in 0.026811 seconds
  Import took 0.031009 seconds .

========================================================================
Received Prepare
Registering precompiled user dll's ...
Registered in 0.001180 seconds.
Begin MonoManager ReloadAssembly
Native extension for LinuxStandalone target not found
Native extension for WindowsStandalone target not found
Native extension for WebGL target not found
Refreshing native plugins compatible for Editor in 0.31 ms, found 0 plugins.
Preloading 0 native plugins for Editor in 0.00 ms.
Mono: successfully reloaded assembly
- Completed reload, in  1.101 seconds
Platform modules already initialized, skipping
Refreshing native plugins compatible for Editor in 0.47 ms, found 0 plugins.
Preloading 0 native plugins for Editor in 0.00 ms.
Unloading 1644 Unused Serialized files (Serialized files now loaded: 0)
System memory in use before: 170.3 MB.
System memory in use after: 170.3 MB.

Unloading 7 unused Assets to reduce memory usage. Loaded Objects now: 2263.
Total: 2.702800 ms (FindLiveObjects: 0.202000 ms CreateObjectMapping: 0.074800 ms MarkObjects: 2.232400 ms  DeleteObjects: 0.192300 ms)

========================================================================
Received Prepare
Registering precompiled user dll's ...
Registered in 0.001551 seconds.
Begin MonoManager ReloadAssembly
Native extension for LinuxStandalone target not found
Native extension for WindowsStandalone target not found
Native extension for WebGL target not found
Refreshing native plugins compatible for Editor in 0.43 ms, found 0 plugins.
Preloading 0 native plugins for Editor in 0.00 ms.
Mono: successfully reloaded assembly
- Completed reload, in  1.120 seconds
Platform modules already initialized, skipping
Refreshing native plugins compatible for Editor in 0.37 ms, found 0 plugins.
Preloading 0 native plugins for Editor in 0.00 ms.
Unloading 1644 Unused Serialized files (Serialized files now loaded: 0)
System memory in use before: 170.3 MB.
System memory in use after: 170.3 MB.

Unloading 7 unused Assets to reduce memory usage. Loaded Objects now: 2266.
Total: 2.667700 ms (FindLiveObjects: 0.213700 ms CreateObjectMapping: 0.077900 ms MarkObjects: 2.198500 ms  DeleteObjects: 0.176200 ms)

========================================================================
Received Prepare
Registering precompiled user dll's ...
Registered in 0.000956 seconds.
Begin MonoManager ReloadAssembly
Native extension for LinuxStandalone target not found
Native extension for WindowsStandalone target not found
Native extension for WebGL target not found
Refreshing native plugins compatible for Editor in 0.36 ms, found 0 plugins.
Preloading 0 native plugins for Editor in 0.00 ms.
Mono: successfully reloaded assembly
- Completed reload, in  1.272 seconds
Platform modules already initialized, skipping
Refreshing native plugins compatible for Editor in 0.31 ms, found 0 plugins.
Preloading 0 native plugins for Editor in 0.00 ms.
Unloading 1644 Unused Serialized files (Serialized files now loaded: 0)
System memory in use before: 170.3 MB.
System memory in use after: 170.3 MB.

Unloading 7 unused Assets to reduce memory usage. Loaded Objects now: 2269.
Total: 2.806100 ms (FindLiveObjects: 0.210300 ms CreateObjectMapping: 0.069800 ms MarkObjects: 2.341500 ms  DeleteObjects: 0.183200 ms)

========================================================================
Received Prepare
Registering precompiled user dll's ...
Registered in 0.001117 seconds.
Begin MonoManager ReloadAssembly
Native extension for LinuxStandalone target not found
Native extension for WindowsStandalone target not found
Native extension for WebGL target not found
Refreshing native plugins compatible for Editor in 0.31 ms, found 0 plugins.
Preloading 0 native plugins for Editor in 0.00 ms.
Mono: successfully reloaded assembly
- Completed reload, in  1.218 seconds
Platform modules already initialized, skipping
Refreshing native plugins compatible for Editor in 0.45 ms, found 0 plugins.
Preloading 0 native plugins for Editor in 0.00 ms.
Unloading 1644 Unused Serialized files (Serialized files now loaded: 0)
System memory in use before: 170.3 MB.
System memory in use after: 170.3 MB.

Unloading 7 unused Assets to reduce memory usage. Loaded Objects now: 2272.
Total: 2.796100 ms (FindLiveObjects: 0.218600 ms CreateObjectMapping: 0.071700 ms MarkObjects: 2.286000 ms  DeleteObjects: 0.218100 ms)

========================================================================
Received Import Request.
  Time since last request: 3257.952391 seconds.
  path: Assets/top_toon.png
  artifactKey: Guid(da3eae2a3d49436499d53d4cbd9e7bd2) Importer(815301076,1909f56bfc062723c751e8b465ee728b)
Start importing Assets/top_toon.png using Guid(da3eae2a3d49436499d53d4cbd9e7bd2) Importer(815301076,1909f56bfc062723c751e8b465ee728b)  -> (artifact id: '0f9d690ffc4d5a07b8e556840e267e14') in 0.088569 seconds
  Import took 0.093625 seconds .

========================================================================
Received Import Request.
  Time since last request: 3.609312 seconds.
  path: Assets/Materials/skytoon.mat
  artifactKey: Guid(bc11aabc73675124b84e74fb95a96560) Importer(815301076,1909f56bfc062723c751e8b465ee728b)
Start importing Assets/Materials/skytoon.mat using Guid(bc11aabc73675124b84e74fb95a96560) Importer(815301076,1909f56bfc062723c751e8b465ee728b)  -> (artifact id: '7f0a07e31e3855868bacd142f3595ffc') in 0.056875 seconds
  Import took 0.061833 seconds .

========================================================================
Received Prepare
Registering precompiled user dll's ...
Registered in 0.000965 seconds.
Begin MonoManager ReloadAssembly
Native extension for LinuxStandalone target not found
Native extension for WindowsStandalone target not found
Native extension for WebGL target not found
Refreshing native plugins compatible for Editor in 0.45 ms, found 0 plugins.
Preloading 0 native plugins for Editor in 0.00 ms.
Mono: successfully reloaded assembly
- Completed reload, in  1.271 seconds
Platform modules already initialized, skipping
Refreshing native plugins compatible for Editor in 0.33 ms, found 0 plugins.
Preloading 0 native plugins for Editor in 0.00 ms.
Unloading 1644 Unused Serialized files (Serialized files now loaded: 0)
System memory in use before: 170.3 MB.
System memory in use after: 170.4 MB.

Unloading 6 unused Assets to reduce memory usage. Loaded Objects now: 2277.
Total: 2.565400 ms (FindLiveObjects: 0.222300 ms CreateObjectMapping: 0.079500 ms MarkObjects: 2.231600 ms  DeleteObjects: 0.030400 ms)

========================================================================
Received Import Request.
  Time since last request: 1868.247696 seconds.
  path: Assets/Materials/ProceduralSpace.mat
  artifactKey: Guid(44b6add8555978c4aa90060e11c057a4) Importer(815301076,1909f56bfc062723c751e8b465ee728b)
Start importing Assets/Materials/ProceduralSpace.mat using Guid(44b6add8555978c4aa90060e11c057a4) Importer(815301076,1909f56bfc062723c751e8b465ee728b)  -> (artifact id: 'afc3084fcd01042871cbc4a582570bd7') in 0.288183 seconds
  Import took 0.294230 seconds .

========================================================================
Received Import Request.
  Time since last request: 1.374417 seconds.
  path: Assets/Materials/Scenes
  artifactKey: Guid(43ef18f6bf3008f4a8ad32e2066f4e89) Importer(815301076,1909f56bfc062723c751e8b465ee728b)
Start importing Assets/Materials/Scenes using Guid(43ef18f6bf3008f4a8ad32e2066f4e89) Importer(815301076,1909f56bfc062723c751e8b465ee728b)  -> (artifact id: '666c0716f2a60c11983d5c2a2ab8bd60') in 0.013180 seconds
  Import took 0.016644 seconds .

========================================================================
Received Import Request.
  Time since last request: 43.570880 seconds.
  path: Assets/Materials/ProceduralSpace.shader
  artifactKey: Guid(ae6216f66cb9c0d4fa9f39060614dd07) Importer(815301076,1909f56bfc062723c751e8b465ee728b)
Start importing Assets/Materials/ProceduralSpace.shader using Guid(ae6216f66cb9c0d4fa9f39060614dd07) Importer(815301076,1909f56bfc062723c751e8b465ee728b)  -> (artifact id: 'f44a08862486c6ddd2fed90c5d9a80f2') in 0.046150 seconds
  Import took 0.049953 seconds .

========================================================================
Received Prepare
Registering precompiled user dll's ...
Registered in 0.001388 seconds.
Begin MonoManager ReloadAssembly
Native extension for LinuxStandalone target not found
Native extension for WindowsStandalone target not found
Native extension for WebGL target not found
Refreshing native plugins compatible for Editor in 0.36 ms, found 0 plugins.
Preloading 0 native plugins for Editor in 0.00 ms.
Mono: successfully reloaded assembly
- Completed reload, in  1.162 seconds
Platform modules already initialized, skipping
Refreshing native plugins compatible for Editor in 0.40 ms, found 0 plugins.
Preloading 0 native plugins for Editor in 0.00 ms.
Unloading 1644 Unused Serialized files (Serialized files now loaded: 0)
System memory in use before: 170.4 MB.
System memory in use after: 170.5 MB.

Unloading 6 unused Assets to reduce memory usage. Loaded Objects now: 2282.
Total: 2.908000 ms (FindLiveObjects: 0.292400 ms CreateObjectMapping: 0.073600 ms MarkObjects: 2.519400 ms  DeleteObjects: 0.021000 ms)

========================================================================
Received Prepare
Registering precompiled user dll's ...
Registered in 0.001015 seconds.
Begin MonoManager ReloadAssembly
Native extension for LinuxStandalone target not found
Native extension for WindowsStandalone target not found
Native extension for WebGL target not found
Refreshing native plugins compatible for Editor in 0.33 ms, found 0 plugins.
Preloading 0 native plugins for Editor in 0.00 ms.
Mono: successfully reloaded assembly
- Completed reload, in  1.119 seconds
Platform modules already initialized, skipping
Refreshing native plugins compatible for Editor in 0.32 ms, found 0 plugins.
Preloading 0 native plugins for Editor in 0.00 ms.
Unloading 1643 Unused Serialized files (Serialized files now loaded: 0)
System memory in use before: 170.2 MB.
System memory in use after: 170.3 MB.

Unloading 6 unused Assets to reduce memory usage. Loaded Objects now: 2285.
Total: 3.096800 ms (FindLiveObjects: 0.211500 ms CreateObjectMapping: 0.074100 ms MarkObjects: 2.790300 ms  DeleteObjects: 0.019200 ms)

========================================================================
Received Prepare
Registering precompiled user dll's ...
Registered in 0.001133 seconds.
Begin MonoManager ReloadAssembly
Native extension for LinuxStandalone target not found
Native extension for WindowsStandalone target not found
Native extension for WebGL target not found
Refreshing native plugins compatible for Editor in 0.34 ms, found 0 plugins.
Preloading 0 native plugins for Editor in 0.00 ms.
Mono: successfully reloaded assembly
- Completed reload, in  1.198 seconds
Platform modules already initialized, skipping
Refreshing native plugins compatible for Editor in 0.34 ms, found 0 plugins.
Preloading 0 native plugins for Editor in 0.00 ms.
Unloading 1643 Unused Serialized files (Serialized files now loaded: 0)
System memory in use before: 170.2 MB.
System memory in use after: 170.3 MB.

Unloading 6 unused Assets to reduce memory usage. Loaded Objects now: 2288.
Total: 2.471600 ms (FindLiveObjects: 0.238300 ms CreateObjectMapping: 0.089700 ms MarkObjects: 2.075700 ms  DeleteObjects: 0.066600 ms)

========================================================================
Received Prepare
Registering precompiled user dll's ...
Registered in 0.000969 seconds.
Begin MonoManager ReloadAssembly
Native extension for LinuxStandalone target not found
Native extension for WindowsStandalone target not found
Native extension for WebGL target not found
Refreshing native plugins compatible for Editor in 0.31 ms, found 0 plugins.
Preloading 0 native plugins for Editor in 0.00 ms.
Mono: successfully reloaded assembly
- Completed reload, in  1.056 seconds
Platform modules already initialized, skipping
Refreshing native plugins compatible for Editor in 0.33 ms, found 0 plugins.
Preloading 0 native plugins for Editor in 0.00 ms.
Unloading 1643 Unused Serialized files (Serialized files now loaded: 0)
System memory in use before: 170.2 MB.
System memory in use after: 170.3 MB.

Unloading 6 unused Assets to reduce memory usage. Loaded Objects now: 2291.
Total: 2.478000 ms (FindLiveObjects: 0.282400 ms CreateObjectMapping: 0.085400 ms MarkObjects: 2.061600 ms  DeleteObjects: 0.047400 ms)

========================================================================
Received Prepare
Registering precompiled user dll's ...
Registered in 0.001053 seconds.
Begin MonoManager ReloadAssembly
Native extension for LinuxStandalone target not found
Native extension for WindowsStandalone target not found
Native extension for WebGL target not found
Refreshing native plugins compatible for Editor in 0.39 ms, found 0 plugins.
Preloading 0 native plugins for Editor in 0.00 ms.
Mono: successfully reloaded assembly
- Completed reload, in  1.133 seconds
Platform modules already initialized, skipping
Refreshing native plugins compatible for Editor in 0.32 ms, found 0 plugins.
Preloading 0 native plugins for Editor in 0.00 ms.
Unloading 1643 Unused Serialized files (Serialized files now loaded: 0)
System memory in use before: 170.2 MB.
System memory in use after: 170.3 MB.

Unloading 6 unused Assets to reduce memory usage. Loaded Objects now: 2294.
Total: 2.492400 ms (FindLiveObjects: 0.256700 ms CreateObjectMapping: 0.070400 ms MarkObjects: 2.148300 ms  DeleteObjects: 0.015400 ms)

========================================================================
Received Import Request.
  Time since last request: 6672.514568 seconds.
  path: Assets/Materials/ProceduralSpace.mat
  artifactKey: Guid(44b6add8555978c4aa90060e11c057a4) Importer(815301076,1909f56bfc062723c751e8b465ee728b)
Start importing Assets/Materials/ProceduralSpace.mat using Guid(44b6add8555978c4aa90060e11c057a4) Importer(815301076,1909f56bfc062723c751e8b465ee728b)  -> (artifact id: '41f3823885f5b7e19da7e015894b797a') in 0.080330 seconds
  Import took 0.085845 seconds .

========================================================================
Received Prepare
Registering precompiled user dll's ...
Registered in 0.001602 seconds.
Begin MonoManager ReloadAssembly
Native extension for LinuxStandalone target not found
Native extension for WindowsStandalone target not found
Native extension for WebGL target not found
Refreshing native plugins compatible for Editor in 0.36 ms, found 0 plugins.
Preloading 0 native plugins for Editor in 0.00 ms.
Mono: successfully reloaded assembly
- Completed reload, in  1.434 seconds
Platform modules already initialized, skipping
Refreshing native plugins compatible for Editor in 0.37 ms, found 0 plugins.
Preloading 0 native plugins for Editor in 0.00 ms.
Unloading 1643 Unused Serialized files (Serialized files now loaded: 0)
System memory in use before: 170.2 MB.
System memory in use after: 170.3 MB.

Unloading 6 unused Assets to reduce memory usage. Loaded Objects now: 2298.
Total: 2.571000 ms (FindLiveObjects: 0.223100 ms CreateObjectMapping: 0.081700 ms MarkObjects: 2.245300 ms  DeleteObjects: 0.019500 ms)

========================================================================
Received Prepare
Registering precompiled user dll's ...
Registered in 0.001302 seconds.
Begin MonoManager ReloadAssembly
Native extension for LinuxStandalone target not found
Native extension for WindowsStandalone target not found
Native extension for WebGL target not found
Refreshing native plugins compatible for Editor in 0.46 ms, found 0 plugins.
Preloading 0 native plugins for Editor in 0.00 ms.
Mono: successfully reloaded assembly
- Completed reload, in  1.177 seconds
Platform modules already initialized, skipping
Refreshing native plugins compatible for Editor in 0.37 ms, found 0 plugins.
Preloading 0 native plugins for Editor in 0.00 ms.
Unloading 1643 Unused Serialized files (Serialized files now loaded: 0)
System memory in use before: 170.2 MB.
System memory in use after: 170.3 MB.

Unloading 6 unused Assets to reduce memory usage. Loaded Objects now: 2301.
Total: 2.264300 ms (FindLiveObjects: 0.245600 ms CreateObjectMapping: 0.075800 ms MarkObjects: 1.910600 ms  DeleteObjects: 0.031100 ms)

========================================================================
Received Prepare
Registering precompiled user dll's ...
Registered in 0.001128 seconds.
Begin MonoManager ReloadAssembly
Native extension for LinuxStandalone target not found
Native extension for WindowsStandalone target not found
Native extension for WebGL target not found
Refreshing native plugins compatible for Editor in 0.32 ms, found 0 plugins.
Preloading 0 native plugins for Editor in 0.00 ms.
Mono: successfully reloaded assembly
- Completed reload, in  1.098 seconds
Platform modules already initialized, skipping
Refreshing native plugins compatible for Editor in 0.32 ms, found 0 plugins.
Preloading 0 native plugins for Editor in 0.00 ms.
Unloading 1644 Unused Serialized files (Serialized files now loaded: 0)
System memory in use before: 170.3 MB.
System memory in use after: 170.4 MB.

Unloading 6 unused Assets to reduce memory usage. Loaded Objects now: 2305.
Total: 2.370500 ms (FindLiveObjects: 0.246700 ms CreateObjectMapping: 0.073000 ms MarkObjects: 2.010300 ms  DeleteObjects: 0.039100 ms)

========================================================================
Received Prepare
Registering precompiled user dll's ...
Registered in 0.001971 seconds.
Begin MonoManager ReloadAssembly
Native extension for LinuxStandalone target not found
Native extension for WindowsStandalone target not found
Native extension for WebGL target not found
Refreshing native plugins compatible for Editor in 0.31 ms, found 0 plugins.
Preloading 0 native plugins for Editor in 0.00 ms.
Mono: successfully reloaded assembly
- Completed reload, in  1.186 seconds
Platform modules already initialized, skipping
Refreshing native plugins compatible for Editor in 0.31 ms, found 0 plugins.
Preloading 0 native plugins for Editor in 0.00 ms.
Unloading 1645 Unused Serialized files (Serialized files now loaded: 0)
System memory in use before: 170.3 MB.
System memory in use after: 170.5 MB.

Unloading 6 unused Assets to reduce memory usage. Loaded Objects now: 2309.
Total: 2.316000 ms (FindLiveObjects: 0.239500 ms CreateObjectMapping: 0.070600 ms MarkObjects: 1.958200 ms  DeleteObjects: 0.046200 ms)

========================================================================
Received Import Request.
  Time since last request: 1692.449026 seconds.
  path: Assets/Scripts/Reticle/Reticle.cs
  artifactKey: Guid(776b315100a50074181951bfa87d960a) Importer(815301076,1909f56bfc062723c751e8b465ee728b)
Start importing Assets/Scripts/Reticle/Reticle.cs using Guid(776b315100a50074181951bfa87d960a) Importer(815301076,1909f56bfc062723c751e8b465ee728b)  -> (artifact id: '5146031cf4c2038fb31fc0155b6a68f2') in 0.026190 seconds
  Import took 0.032943 seconds .

