Using pre-set license
Built from '2020.3/staging' branch; Version is '2020.3.6f1 (338bb68529b2) revision 3378102'; Using compiler version '192528614'; Build Type 'Release'
OS: 'Windows 10 Education; OS build 18363.1679; Version 1909; 64bit' Language: 'en' Physical Memory: 24467 MB
BatchMode: 1, IsHumanControllingUs: 0, StartBugReporterOnCrash: 0, Is64bit: 1, IsPro: 0

 COMMAND LINE ARGUMENTS:
C:\Program Files\Unity\Hub\Editor\2020.3.6f1\Editor\Unity.exe
-adb2
-batchMode
-noUpm
-name
AssetImportWorker5
-projectPath
C:/Users/Hetsko/Documents/GitHub/Space-Shooty-McBoom/Space Shooty McBoom
-logFile
Logs/AssetImportWorker5.log
-srvPort
58621
Successfully changed project path to: C:/Users/Hetsko/Documents/GitHub/Space-Shooty-McBoom/Space Shooty McBoom
C:/Users/Hetsko/Documents/GitHub/Space-Shooty-McBoom/Space Shooty McBoom
Using Asset Import Pipeline V2.
Refreshing native plugins compatible for Editor in 81.86 ms, found 0 plugins.
Preloading 0 native plugins for Editor in 0.00 ms.
Initialize engine version: 2020.3.6f1 (338bb68529b2)
[Subsystems] Discovering subsystems at path C:/Program Files/Unity/Hub/Editor/2020.3.6f1/Editor/Data/Resources/UnitySubsystems
[Subsystems] Discovering subsystems at path C:/Users/Hetsko/Documents/GitHub/Space-Shooty-McBoom/Space Shooty McBoom/Assets
GfxDevice: creating device client; threaded=0
Direct3D:
    Version:  Direct3D 11.0 [level 11.1]
    Renderer: NVIDIA GeForce GTX 1660 SUPER (ID=0x21c4)
    Vendor:   
    VRAM:     5991 MB
    Driver:   27.21.14.5671
Initialize mono
Mono path[0] = 'C:/Program Files/Unity/Hub/Editor/2020.3.6f1/Editor/Data/Managed'
Mono path[1] = 'C:/Program Files/Unity/Hub/Editor/2020.3.6f1/Editor/Data/MonoBleedingEdge/lib/mono/unityjit'
Mono config path = 'C:/Program Files/Unity/Hub/Editor/2020.3.6f1/Editor/Data/MonoBleedingEdge/etc'
Using monoOptions --debugger-agent=transport=dt_socket,embedding=1,server=y,suspend=n,address=127.0.0.1:56232
Begin MonoManager ReloadAssembly
Registering precompiled unity dll's ...
Register platform support module: C:/Program Files/Unity/Hub/Editor/2020.3.6f1/Editor/Data/PlaybackEngines/WebGLSupport/UnityEditor.WebGL.Extensions.dll
Register platform support module: C:/Program Files/Unity/Hub/Editor/2020.3.6f1/Editor/Data/PlaybackEngines/WindowsStandaloneSupport/UnityEditor.WindowsStandalone.Extensions.dll
Register platform support module: C:/Program Files/Unity/Hub/Editor/2020.3.6f1/Editor/Data/PlaybackEngines/LinuxStandaloneSupport/UnityEditor.LinuxStandalone.Extensions.dll
Registered in 0.004610 seconds.
Native extension for LinuxStandalone target not found
Native extension for WindowsStandalone target not found
Native extension for WebGL target not found
Refreshing native plugins compatible for Editor in 56.49 ms, found 0 plugins.
Preloading 0 native plugins for Editor in 0.00 ms.
Mono: successfully reloaded assembly
- Completed reload, in  2.174 seconds
Platform modules already initialized, skipping
Registering precompiled user dll's ...
Registered in 0.001738 seconds.
Begin MonoManager ReloadAssembly
Native extension for LinuxStandalone target not found
Native extension for WindowsStandalone target not found
Native extension for WebGL target not found
Refreshing native plugins compatible for Editor in 55.89 ms, found 0 plugins.
Preloading 0 native plugins for Editor in 0.00 ms.
Mono: successfully reloaded assembly
- Completed reload, in  1.539 seconds
Platform modules already initialized, skipping
========================================================================
Worker process is ready to serve import requests
Launched and connected shader compiler UnityShaderCompiler.exe after 0.08 seconds
Refreshing native plugins compatible for Editor in 0.51 ms, found 0 plugins.
Preloading 0 native plugins for Editor in 0.00 ms.
Unloading 1684 Unused Serialized files (Serialized files now loaded: 0)
System memory in use before: 169.8 MB.
System memory in use after: 169.8 MB.

Unloading 12 unused Assets to reduce memory usage. Loaded Objects now: 2155.
Total: 2.487300 ms (FindLiveObjects: 0.218700 ms CreateObjectMapping: 0.137100 ms MarkObjects: 2.045400 ms  DeleteObjects: 0.083900 ms)

========================================================================
Received Import Request.
  path: Assets/Prefabs/Tower.prefab
  artifactKey: Guid(2ddcbd200ad7df14dad7eaf73921e94a) Importer(815301076,1909f56bfc062723c751e8b465ee728b)
Start importing Assets/Prefabs/Tower.prefab using Guid(2ddcbd200ad7df14dad7eaf73921e94a) Importer(815301076,1909f56bfc062723c751e8b465ee728b)  -> (artifact id: '37b90864360602920e9ba6a31c7c1848') in 0.222521 seconds
  Import took 0.226150 seconds .

========================================================================
Received Import Request.
  Time since last request: 4.198479 seconds.
  path: Assets/Prefabs/Tower.prefab
  artifactKey: Guid(2ddcbd200ad7df14dad7eaf73921e94a) Importer(815301076,1909f56bfc062723c751e8b465ee728b)
Start importing Assets/Prefabs/Tower.prefab using Guid(2ddcbd200ad7df14dad7eaf73921e94a) Importer(815301076,1909f56bfc062723c751e8b465ee728b)  -> (artifact id: '5559ac5a36807e17f3beddee5fa7d108') in 0.028561 seconds
  Import took 0.032533 seconds .

========================================================================
Received Import Request.
  Time since last request: 3.360528 seconds.
  path: Assets/Prefabs/Tower.prefab
  artifactKey: Guid(2ddcbd200ad7df14dad7eaf73921e94a) Importer(815301076,1909f56bfc062723c751e8b465ee728b)
Start importing Assets/Prefabs/Tower.prefab using Guid(2ddcbd200ad7df14dad7eaf73921e94a) Importer(815301076,1909f56bfc062723c751e8b465ee728b)  -> (artifact id: '46c812eb95ed898ded01a1c76c4a46ef') in 0.028800 seconds
  Import took 0.036057 seconds .

========================================================================
Received Import Request.
  Time since last request: 2.937839 seconds.
  path: Assets/Prefabs/Tower.prefab
  artifactKey: Guid(2ddcbd200ad7df14dad7eaf73921e94a) Importer(815301076,1909f56bfc062723c751e8b465ee728b)
Start importing Assets/Prefabs/Tower.prefab using Guid(2ddcbd200ad7df14dad7eaf73921e94a) Importer(815301076,1909f56bfc062723c751e8b465ee728b)  -> (artifact id: '0fbc0601d06c605432d1c68c4dc20519') in 0.027618 seconds
  Import took 0.032140 seconds .

========================================================================
Received Import Request.
  Time since last request: 4.372653 seconds.
  path: Assets/Prefabs/Tower.prefab
  artifactKey: Guid(2ddcbd200ad7df14dad7eaf73921e94a) Importer(815301076,1909f56bfc062723c751e8b465ee728b)
Start importing Assets/Prefabs/Tower.prefab using Guid(2ddcbd200ad7df14dad7eaf73921e94a) Importer(815301076,1909f56bfc062723c751e8b465ee728b)  -> (artifact id: 'a28f50434d42c474c54899aaad64abc8') in 0.028448 seconds
  Import took 0.032580 seconds .

========================================================================
Received Import Request.
  Time since last request: 3.658186 seconds.
  path: Assets/Prefabs/Tower.prefab
  artifactKey: Guid(2ddcbd200ad7df14dad7eaf73921e94a) Importer(815301076,1909f56bfc062723c751e8b465ee728b)
Start importing Assets/Prefabs/Tower.prefab using Guid(2ddcbd200ad7df14dad7eaf73921e94a) Importer(815301076,1909f56bfc062723c751e8b465ee728b)  -> (artifact id: '29be74f863ed45d5532d534ae6e8ce82') in 0.027090 seconds
  Import took 0.032029 seconds .

========================================================================
Received Import Request.
  Time since last request: 10.258880 seconds.
  path: Assets/Prefabs/Tower.prefab
  artifactKey: Guid(2ddcbd200ad7df14dad7eaf73921e94a) Importer(815301076,1909f56bfc062723c751e8b465ee728b)
Start importing Assets/Prefabs/Tower.prefab using Guid(2ddcbd200ad7df14dad7eaf73921e94a) Importer(815301076,1909f56bfc062723c751e8b465ee728b)  -> (artifact id: 'b73e864a6f1f8630b80df5457f029735') in 0.022613 seconds
  Import took 0.026585 seconds .

========================================================================
Received Import Request.
  Time since last request: 4.654505 seconds.
  path: Assets/Prefabs/Tower.prefab
  artifactKey: Guid(2ddcbd200ad7df14dad7eaf73921e94a) Importer(815301076,1909f56bfc062723c751e8b465ee728b)
Start importing Assets/Prefabs/Tower.prefab using Guid(2ddcbd200ad7df14dad7eaf73921e94a) Importer(815301076,1909f56bfc062723c751e8b465ee728b)  -> (artifact id: 'ee0bf94b49ff8d9ee32b0d68e9ab7e9c') in 0.027764 seconds
  Import took 0.032153 seconds .

========================================================================
Received Import Request.
  Time since last request: 4.758746 seconds.
  path: Assets/Prefabs/Tower.prefab
  artifactKey: Guid(2ddcbd200ad7df14dad7eaf73921e94a) Importer(815301076,1909f56bfc062723c751e8b465ee728b)
Start importing Assets/Prefabs/Tower.prefab using Guid(2ddcbd200ad7df14dad7eaf73921e94a) Importer(815301076,1909f56bfc062723c751e8b465ee728b)  -> (artifact id: '696828be8c42506cd787a807e2c5d2e7') in 0.019989 seconds
  Import took 0.023679 seconds .

========================================================================
Received Import Request.
  Time since last request: 8.895367 seconds.
  path: Assets/Prefabs/Tower.prefab
  artifactKey: Guid(2ddcbd200ad7df14dad7eaf73921e94a) Importer(815301076,1909f56bfc062723c751e8b465ee728b)
Start importing Assets/Prefabs/Tower.prefab using Guid(2ddcbd200ad7df14dad7eaf73921e94a) Importer(815301076,1909f56bfc062723c751e8b465ee728b)  -> (artifact id: '5ea44cf6ae87743f6cfe7d40f7fc7b93') in 0.026317 seconds
  Import took 0.031291 seconds .

========================================================================
Received Import Request.
  Time since last request: 17.950488 seconds.
  path: Assets/Prefabs/Tower.prefab
  artifactKey: Guid(2ddcbd200ad7df14dad7eaf73921e94a) Importer(815301076,1909f56bfc062723c751e8b465ee728b)
Start importing Assets/Prefabs/Tower.prefab using Guid(2ddcbd200ad7df14dad7eaf73921e94a) Importer(815301076,1909f56bfc062723c751e8b465ee728b)  -> (artifact id: 'be5c993a830270d80870f21ab962619c') in 0.026219 seconds
  Import took 0.032686 seconds .

========================================================================
Received Prepare
Registering precompiled user dll's ...
Registered in 0.001157 seconds.
Begin MonoManager ReloadAssembly
Native extension for LinuxStandalone target not found
Native extension for WindowsStandalone target not found
Native extension for WebGL target not found
Refreshing native plugins compatible for Editor in 0.32 ms, found 0 plugins.
Preloading 0 native plugins for Editor in 0.00 ms.
Mono: successfully reloaded assembly
- Completed reload, in  1.238 seconds
Platform modules already initialized, skipping
Refreshing native plugins compatible for Editor in 0.43 ms, found 0 plugins.
Preloading 0 native plugins for Editor in 0.00 ms.
Unloading 1646 Unused Serialized files (Serialized files now loaded: 0)
System memory in use before: 169.8 MB.
System memory in use after: 170.0 MB.

Unloading 7 unused Assets to reduce memory usage. Loaded Objects now: 2167.
Total: 2.480300 ms (FindLiveObjects: 0.245200 ms CreateObjectMapping: 0.069500 ms MarkObjects: 2.135100 ms  DeleteObjects: 0.028700 ms)

========================================================================
Received Prepare
Registering precompiled user dll's ...
Registered in 0.001006 seconds.
Begin MonoManager ReloadAssembly
Native extension for LinuxStandalone target not found
Native extension for WindowsStandalone target not found
Native extension for WebGL target not found
Refreshing native plugins compatible for Editor in 0.33 ms, found 0 plugins.
Preloading 0 native plugins for Editor in 0.00 ms.
Mono: successfully reloaded assembly
- Completed reload, in  1.074 seconds
Platform modules already initialized, skipping
Refreshing native plugins compatible for Editor in 0.32 ms, found 0 plugins.
Preloading 0 native plugins for Editor in 0.00 ms.
Unloading 1646 Unused Serialized files (Serialized files now loaded: 0)
System memory in use before: 169.9 MB.
System memory in use after: 170.0 MB.

Unloading 6 unused Assets to reduce memory usage. Loaded Objects now: 2170.
Total: 2.050100 ms (FindLiveObjects: 0.180800 ms CreateObjectMapping: 0.063500 ms MarkObjects: 1.771300 ms  DeleteObjects: 0.033100 ms)

========================================================================
Received Prepare
Registering precompiled user dll's ...
Registered in 0.001184 seconds.
Begin MonoManager ReloadAssembly
Native extension for LinuxStandalone target not found
Native extension for WindowsStandalone target not found
Native extension for WebGL target not found
Refreshing native plugins compatible for Editor in 0.34 ms, found 0 plugins.
Preloading 0 native plugins for Editor in 0.00 ms.
Mono: successfully reloaded assembly
- Completed reload, in  1.275 seconds
Platform modules already initialized, skipping
Refreshing native plugins compatible for Editor in 0.37 ms, found 0 plugins.
Preloading 0 native plugins for Editor in 0.00 ms.
Unloading 1646 Unused Serialized files (Serialized files now loaded: 0)
System memory in use before: 169.9 MB.
System memory in use after: 170.0 MB.

Unloading 6 unused Assets to reduce memory usage. Loaded Objects now: 2173.
Total: 2.540400 ms (FindLiveObjects: 0.204600 ms CreateObjectMapping: 0.071900 ms MarkObjects: 2.241100 ms  DeleteObjects: 0.021200 ms)

========================================================================
Received Import Request.
  Time since last request: 2463.018812 seconds.
  path: Assets/Prefabs/Player Ship.prefab
  artifactKey: Guid(ccedefdcec1292941983b05cca337359) Importer(815301076,1909f56bfc062723c751e8b465ee728b)
Start importing Assets/Prefabs/Player Ship.prefab using Guid(ccedefdcec1292941983b05cca337359) Importer(815301076,1909f56bfc062723c751e8b465ee728b)  -> (artifact id: '4d64381a295aef555e0e5209ae6dcc11') in 0.124811 seconds
  Import took 0.129482 seconds .

========================================================================
Received Import Request.
  Time since last request: 7.086823 seconds.
  path: Assets/Prefabs/Tower.prefab
  artifactKey: Guid(2ddcbd200ad7df14dad7eaf73921e94a) Importer(815301076,1909f56bfc062723c751e8b465ee728b)
Start importing Assets/Prefabs/Tower.prefab using Guid(2ddcbd200ad7df14dad7eaf73921e94a) Importer(815301076,1909f56bfc062723c751e8b465ee728b)  -> (artifact id: '9844148c64d3cfcf42565807a81b9f22') in 0.033638 seconds
  Import took 0.039451 seconds .

========================================================================
Received Import Request.
  Time since last request: 11.771535 seconds.
  path: Assets/Prefabs/Tower.prefab
  artifactKey: Guid(2ddcbd200ad7df14dad7eaf73921e94a) Importer(815301076,1909f56bfc062723c751e8b465ee728b)
Start importing Assets/Prefabs/Tower.prefab using Guid(2ddcbd200ad7df14dad7eaf73921e94a) Importer(815301076,1909f56bfc062723c751e8b465ee728b)  -> (artifact id: '54122ce0425edeb988956016b63354a8') in 0.033439 seconds
  Import took 0.038901 seconds .

========================================================================
Received Prepare
Registering precompiled user dll's ...
Registered in 0.001215 seconds.
Begin MonoManager ReloadAssembly
Native extension for LinuxStandalone target not found
Native extension for WindowsStandalone target not found
Native extension for WebGL target not found
Refreshing native plugins compatible for Editor in 0.43 ms, found 0 plugins.
Preloading 0 native plugins for Editor in 0.00 ms.
Mono: successfully reloaded assembly
- Completed reload, in  1.162 seconds
Platform modules already initialized, skipping
Refreshing native plugins compatible for Editor in 0.32 ms, found 0 plugins.
Preloading 0 native plugins for Editor in 0.00 ms.
Unloading 1646 Unused Serialized files (Serialized files now loaded: 0)
System memory in use before: 170.0 MB.
System memory in use after: 170.1 MB.

Unloading 7 unused Assets to reduce memory usage. Loaded Objects now: 2178.
Total: 2.119200 ms (FindLiveObjects: 0.187500 ms CreateObjectMapping: 0.070400 ms MarkObjects: 1.835600 ms  DeleteObjects: 0.023900 ms)

========================================================================
Received Prepare
Registering precompiled user dll's ...
Registered in 0.000960 seconds.
Begin MonoManager ReloadAssembly
Native extension for LinuxStandalone target not found
Native extension for WindowsStandalone target not found
Native extension for WebGL target not found
Refreshing native plugins compatible for Editor in 0.69 ms, found 0 plugins.
Preloading 0 native plugins for Editor in 0.00 ms.
Mono: successfully reloaded assembly
- Completed reload, in  1.135 seconds
Platform modules already initialized, skipping
Refreshing native plugins compatible for Editor in 0.37 ms, found 0 plugins.
Preloading 0 native plugins for Editor in 0.00 ms.
Unloading 1646 Unused Serialized files (Serialized files now loaded: 0)
System memory in use before: 170.0 MB.
System memory in use after: 170.1 MB.

Unloading 6 unused Assets to reduce memory usage. Loaded Objects now: 2181.
Total: 2.333800 ms (FindLiveObjects: 0.202200 ms CreateObjectMapping: 0.076900 ms MarkObjects: 2.032700 ms  DeleteObjects: 0.020000 ms)

========================================================================
Received Prepare
Registering precompiled user dll's ...
Registered in 0.000985 seconds.
Begin MonoManager ReloadAssembly
Native extension for LinuxStandalone target not found
Native extension for WindowsStandalone target not found
Native extension for WebGL target not found
Refreshing native plugins compatible for Editor in 0.32 ms, found 0 plugins.
Preloading 0 native plugins for Editor in 0.00 ms.
Mono: successfully reloaded assembly
- Completed reload, in  1.229 seconds
Platform modules already initialized, skipping
Refreshing native plugins compatible for Editor in 0.31 ms, found 0 plugins.
Preloading 0 native plugins for Editor in 0.00 ms.
Unloading 1646 Unused Serialized files (Serialized files now loaded: 0)
System memory in use before: 170.0 MB.
System memory in use after: 170.1 MB.

Unloading 6 unused Assets to reduce memory usage. Loaded Objects now: 2184.
Total: 2.180300 ms (FindLiveObjects: 0.191300 ms CreateObjectMapping: 0.070400 ms MarkObjects: 1.877900 ms  DeleteObjects: 0.039500 ms)

========================================================================
Received Prepare
Registering precompiled user dll's ...
Registered in 0.001140 seconds.
Begin MonoManager ReloadAssembly
Native extension for LinuxStandalone target not found
Native extension for WindowsStandalone target not found
Native extension for WebGL target not found
Refreshing native plugins compatible for Editor in 0.31 ms, found 0 plugins.
Preloading 0 native plugins for Editor in 0.00 ms.
Mono: successfully reloaded assembly
- Completed reload, in  1.135 seconds
Platform modules already initialized, skipping
Refreshing native plugins compatible for Editor in 0.81 ms, found 0 plugins.
Preloading 0 native plugins for Editor in 0.00 ms.
Unloading 1646 Unused Serialized files (Serialized files now loaded: 0)
System memory in use before: 170.0 MB.
System memory in use after: 170.1 MB.

Unloading 6 unused Assets to reduce memory usage. Loaded Objects now: 2187.
Total: 3.638700 ms (FindLiveObjects: 0.208600 ms CreateObjectMapping: 0.160300 ms MarkObjects: 3.248100 ms  DeleteObjects: 0.019700 ms)

========================================================================
Received Prepare
Registering precompiled user dll's ...
Registered in 0.001000 seconds.
Begin MonoManager ReloadAssembly
Native extension for LinuxStandalone target not found
Native extension for WindowsStandalone target not found
Native extension for WebGL target not found
Refreshing native plugins compatible for Editor in 0.40 ms, found 0 plugins.
Preloading 0 native plugins for Editor in 0.00 ms.
Mono: successfully reloaded assembly
- Completed reload, in  1.150 seconds
Platform modules already initialized, skipping
Refreshing native plugins compatible for Editor in 0.48 ms, found 0 plugins.
Preloading 0 native plugins for Editor in 0.00 ms.
Unloading 1646 Unused Serialized files (Serialized files now loaded: 0)
System memory in use before: 170.0 MB.
System memory in use after: 170.1 MB.

Unloading 6 unused Assets to reduce memory usage. Loaded Objects now: 2190.
Total: 2.510300 ms (FindLiveObjects: 0.197000 ms CreateObjectMapping: 0.066600 ms MarkObjects: 2.212100 ms  DeleteObjects: 0.033100 ms)

========================================================================
Received Prepare
Registering precompiled user dll's ...
Registered in 0.001427 seconds.
Begin MonoManager ReloadAssembly
Native extension for LinuxStandalone target not found
Native extension for WindowsStandalone target not found
Native extension for WebGL target not found
Refreshing native plugins compatible for Editor in 0.45 ms, found 0 plugins.
Preloading 0 native plugins for Editor in 0.00 ms.
Mono: successfully reloaded assembly
- Completed reload, in  1.188 seconds
Platform modules already initialized, skipping
Refreshing native plugins compatible for Editor in 0.44 ms, found 0 plugins.
Preloading 0 native plugins for Editor in 0.00 ms.
Unloading 1646 Unused Serialized files (Serialized files now loaded: 0)
System memory in use before: 170.0 MB.
System memory in use after: 170.1 MB.

Unloading 6 unused Assets to reduce memory usage. Loaded Objects now: 2193.
Total: 2.519700 ms (FindLiveObjects: 0.194100 ms CreateObjectMapping: 0.071200 ms MarkObjects: 2.222400 ms  DeleteObjects: 0.030800 ms)

========================================================================
Received Prepare
Registering precompiled user dll's ...
Registered in 0.000941 seconds.
Begin MonoManager ReloadAssembly
Native extension for LinuxStandalone target not found
Native extension for WindowsStandalone target not found
Native extension for WebGL target not found
Refreshing native plugins compatible for Editor in 0.45 ms, found 0 plugins.
Preloading 0 native plugins for Editor in 0.00 ms.
Mono: successfully reloaded assembly
- Completed reload, in  1.339 seconds
Platform modules already initialized, skipping
Refreshing native plugins compatible for Editor in 0.33 ms, found 0 plugins.
Preloading 0 native plugins for Editor in 0.00 ms.
Unloading 1646 Unused Serialized files (Serialized files now loaded: 0)
System memory in use before: 170.0 MB.
System memory in use after: 170.1 MB.

Unloading 6 unused Assets to reduce memory usage. Loaded Objects now: 2196.
Total: 2.243400 ms (FindLiveObjects: 0.207400 ms CreateObjectMapping: 0.070300 ms MarkObjects: 1.922800 ms  DeleteObjects: 0.041300 ms)

========================================================================
Received Prepare
Registering precompiled user dll's ...
Registered in 0.000907 seconds.
Begin MonoManager ReloadAssembly
Native extension for LinuxStandalone target not found
Native extension for WindowsStandalone target not found
Native extension for WebGL target not found
Refreshing native plugins compatible for Editor in 0.43 ms, found 0 plugins.
Preloading 0 native plugins for Editor in 0.00 ms.
Mono: successfully reloaded assembly
- Completed reload, in  1.182 seconds
Platform modules already initialized, skipping
Refreshing native plugins compatible for Editor in 0.35 ms, found 0 plugins.
Preloading 0 native plugins for Editor in 0.00 ms.
Unloading 1646 Unused Serialized files (Serialized files now loaded: 0)
System memory in use before: 170.0 MB.
System memory in use after: 170.1 MB.

Unloading 6 unused Assets to reduce memory usage. Loaded Objects now: 2199.
Total: 2.208300 ms (FindLiveObjects: 0.223600 ms CreateObjectMapping: 0.068100 ms MarkObjects: 1.882100 ms  DeleteObjects: 0.033500 ms)

========================================================================
Received Prepare
Registering precompiled user dll's ...
Registered in 0.000967 seconds.
Begin MonoManager ReloadAssembly
Native extension for LinuxStandalone target not found
Native extension for WindowsStandalone target not found
Native extension for WebGL target not found
Refreshing native plugins compatible for Editor in 0.31 ms, found 0 plugins.
Preloading 0 native plugins for Editor in 0.00 ms.
Mono: successfully reloaded assembly
- Completed reload, in  1.096 seconds
Platform modules already initialized, skipping
Refreshing native plugins compatible for Editor in 0.31 ms, found 0 plugins.
Preloading 0 native plugins for Editor in 0.00 ms.
Unloading 1646 Unused Serialized files (Serialized files now loaded: 0)
System memory in use before: 170.0 MB.
System memory in use after: 170.1 MB.

Unloading 6 unused Assets to reduce memory usage. Loaded Objects now: 2202.
Total: 2.234500 ms (FindLiveObjects: 0.223300 ms CreateObjectMapping: 0.070400 ms MarkObjects: 1.905800 ms  DeleteObjects: 0.033700 ms)

========================================================================
Received Prepare
Registering precompiled user dll's ...
Registered in 0.001094 seconds.
Begin MonoManager ReloadAssembly
Native extension for LinuxStandalone target not found
Native extension for WindowsStandalone target not found
Native extension for WebGL target not found
Refreshing native plugins compatible for Editor in 0.31 ms, found 0 plugins.
Preloading 0 native plugins for Editor in 0.00 ms.
Mono: successfully reloaded assembly
- Completed reload, in  1.058 seconds
Platform modules already initialized, skipping
Refreshing native plugins compatible for Editor in 0.34 ms, found 0 plugins.
Preloading 0 native plugins for Editor in 0.00 ms.
Unloading 1646 Unused Serialized files (Serialized files now loaded: 0)
System memory in use before: 170.0 MB.
System memory in use after: 170.1 MB.

Unloading 6 unused Assets to reduce memory usage. Loaded Objects now: 2205.
Total: 2.188700 ms (FindLiveObjects: 0.201700 ms CreateObjectMapping: 0.074200 ms MarkObjects: 1.892400 ms  DeleteObjects: 0.018400 ms)

========================================================================
Received Prepare
Registering precompiled user dll's ...
Registered in 0.000990 seconds.
Begin MonoManager ReloadAssembly
Native extension for LinuxStandalone target not found
Native extension for WindowsStandalone target not found
Native extension for WebGL target not found
Refreshing native plugins compatible for Editor in 0.35 ms, found 0 plugins.
Preloading 0 native plugins for Editor in 0.00 ms.
Mono: successfully reloaded assembly
- Completed reload, in  1.231 seconds
Platform modules already initialized, skipping
Refreshing native plugins compatible for Editor in 0.43 ms, found 0 plugins.
Preloading 0 native plugins for Editor in 0.00 ms.
Unloading 1646 Unused Serialized files (Serialized files now loaded: 0)
System memory in use before: 170.0 MB.
System memory in use after: 170.1 MB.

Unloading 6 unused Assets to reduce memory usage. Loaded Objects now: 2208.
Total: 4.512600 ms (FindLiveObjects: 0.222600 ms CreateObjectMapping: 0.082800 ms MarkObjects: 4.186900 ms  DeleteObjects: 0.018700 ms)

========================================================================
Received Prepare
Registering precompiled user dll's ...
Registered in 0.001194 seconds.
Begin MonoManager ReloadAssembly
Native extension for LinuxStandalone target not found
Native extension for WindowsStandalone target not found
Native extension for WebGL target not found
Refreshing native plugins compatible for Editor in 0.72 ms, found 0 plugins.
Preloading 0 native plugins for Editor in 0.00 ms.
Mono: successfully reloaded assembly
- Completed reload, in  1.295 seconds
Platform modules already initialized, skipping
Refreshing native plugins compatible for Editor in 0.57 ms, found 0 plugins.
Preloading 0 native plugins for Editor in 0.00 ms.
Unloading 1646 Unused Serialized files (Serialized files now loaded: 0)
System memory in use before: 170.0 MB.
System memory in use after: 170.2 MB.

Unloading 6 unused Assets to reduce memory usage. Loaded Objects now: 2211.
Total: 2.177100 ms (FindLiveObjects: 0.193100 ms CreateObjectMapping: 0.070300 ms MarkObjects: 1.879700 ms  DeleteObjects: 0.032500 ms)

========================================================================
Received Import Request.
  Time since last request: 906.524897 seconds.
  path: Assets/Prefabs/Player Ship.prefab
  artifactKey: Guid(ccedefdcec1292941983b05cca337359) Importer(815301076,1909f56bfc062723c751e8b465ee728b)
Start importing Assets/Prefabs/Player Ship.prefab using Guid(ccedefdcec1292941983b05cca337359) Importer(815301076,1909f56bfc062723c751e8b465ee728b)  -> (artifact id: 'c27aca5bb0c29a3327acaaee88b161d1') in 0.097234 seconds
  Import took 0.101910 seconds .

========================================================================
Received Prepare
Registering precompiled user dll's ...
Registered in 0.001140 seconds.
Begin MonoManager ReloadAssembly
Native extension for LinuxStandalone target not found
Native extension for WindowsStandalone target not found
Native extension for WebGL target not found
Refreshing native plugins compatible for Editor in 0.41 ms, found 0 plugins.
Preloading 0 native plugins for Editor in 0.00 ms.
Mono: successfully reloaded assembly
- Completed reload, in  1.464 seconds
Platform modules already initialized, skipping
Refreshing native plugins compatible for Editor in 0.34 ms, found 0 plugins.
Preloading 0 native plugins for Editor in 0.00 ms.
Unloading 1646 Unused Serialized files (Serialized files now loaded: 0)
System memory in use before: 170.1 MB.
System memory in use after: 170.2 MB.

Unloading 6 unused Assets to reduce memory usage. Loaded Objects now: 2215.
Total: 4.296300 ms (FindLiveObjects: 0.205800 ms CreateObjectMapping: 0.076800 ms MarkObjects: 3.992700 ms  DeleteObjects: 0.019700 ms)

========================================================================
Received Prepare
Registering precompiled user dll's ...
Registered in 0.001111 seconds.
Begin MonoManager ReloadAssembly
Native extension for LinuxStandalone target not found
Native extension for WindowsStandalone target not found
Native extension for WebGL target not found
Refreshing native plugins compatible for Editor in 0.46 ms, found 0 plugins.
Preloading 0 native plugins for Editor in 0.00 ms.
Mono: successfully reloaded assembly
- Completed reload, in  1.097 seconds
Platform modules already initialized, skipping
Refreshing native plugins compatible for Editor in 0.41 ms, found 0 plugins.
Preloading 0 native plugins for Editor in 0.00 ms.
Unloading 1646 Unused Serialized files (Serialized files now loaded: 0)
System memory in use before: 170.1 MB.
System memory in use after: 170.2 MB.

Unloading 6 unused Assets to reduce memory usage. Loaded Objects now: 2218.
Total: 2.852000 ms (FindLiveObjects: 0.213600 ms CreateObjectMapping: 0.075600 ms MarkObjects: 2.528200 ms  DeleteObjects: 0.019300 ms)

========================================================================
Received Prepare
Registering precompiled user dll's ...
Registered in 0.000969 seconds.
Begin MonoManager ReloadAssembly
Native extension for LinuxStandalone target not found
Native extension for WindowsStandalone target not found
Native extension for WebGL target not found
Refreshing native plugins compatible for Editor in 0.86 ms, found 0 plugins.
Preloading 0 native plugins for Editor in 0.00 ms.
Mono: successfully reloaded assembly
- Completed reload, in  1.241 seconds
Platform modules already initialized, skipping
Refreshing native plugins compatible for Editor in 0.33 ms, found 0 plugins.
Preloading 0 native plugins for Editor in 0.00 ms.
Unloading 1646 Unused Serialized files (Serialized files now loaded: 0)
System memory in use before: 170.1 MB.
System memory in use after: 170.2 MB.

Unloading 6 unused Assets to reduce memory usage. Loaded Objects now: 2221.
Total: 2.562800 ms (FindLiveObjects: 0.195400 ms CreateObjectMapping: 0.071200 ms MarkObjects: 2.217800 ms  DeleteObjects: 0.076700 ms)

========================================================================
Received Prepare
Registering precompiled user dll's ...
Registered in 0.000978 seconds.
Begin MonoManager ReloadAssembly
Native extension for LinuxStandalone target not found
Native extension for WindowsStandalone target not found
Native extension for WebGL target not found
Refreshing native plugins compatible for Editor in 0.31 ms, found 0 plugins.
Preloading 0 native plugins for Editor in 0.00 ms.
Mono: successfully reloaded assembly
- Completed reload, in  1.135 seconds
Platform modules already initialized, skipping
Refreshing native plugins compatible for Editor in 0.33 ms, found 0 plugins.
Preloading 0 native plugins for Editor in 0.00 ms.
Unloading 1646 Unused Serialized files (Serialized files now loaded: 0)
System memory in use before: 170.1 MB.
System memory in use after: 170.2 MB.

Unloading 6 unused Assets to reduce memory usage. Loaded Objects now: 2224.
Total: 2.319500 ms (FindLiveObjects: 0.205100 ms CreateObjectMapping: 0.070500 ms MarkObjects: 2.022700 ms  DeleteObjects: 0.019600 ms)

========================================================================
Received Prepare
Registering precompiled user dll's ...
Registered in 0.001016 seconds.
Begin MonoManager ReloadAssembly
Native extension for LinuxStandalone target not found
Native extension for WindowsStandalone target not found
Native extension for WebGL target not found
Refreshing native plugins compatible for Editor in 0.32 ms, found 0 plugins.
Preloading 0 native plugins for Editor in 0.00 ms.
Mono: successfully reloaded assembly
- Completed reload, in  1.230 seconds
Platform modules already initialized, skipping
Refreshing native plugins compatible for Editor in 0.34 ms, found 0 plugins.
Preloading 0 native plugins for Editor in 0.00 ms.
Unloading 1646 Unused Serialized files (Serialized files now loaded: 0)
System memory in use before: 170.1 MB.
System memory in use after: 170.2 MB.

Unloading 6 unused Assets to reduce memory usage. Loaded Objects now: 2227.
Total: 3.007700 ms (FindLiveObjects: 0.238900 ms CreateObjectMapping: 0.080600 ms MarkObjects: 2.667700 ms  DeleteObjects: 0.019200 ms)

========================================================================
Received Prepare
Registering precompiled user dll's ...
Registered in 0.001484 seconds.
Begin MonoManager ReloadAssembly
Native extension for LinuxStandalone target not found
Native extension for WindowsStandalone target not found
Native extension for WebGL target not found
Refreshing native plugins compatible for Editor in 0.59 ms, found 0 plugins.
Preloading 0 native plugins for Editor in 0.00 ms.
Mono: successfully reloaded assembly
- Completed reload, in  1.205 seconds
Platform modules already initialized, skipping
Refreshing native plugins compatible for Editor in 0.31 ms, found 0 plugins.
Preloading 0 native plugins for Editor in 0.00 ms.
Unloading 1646 Unused Serialized files (Serialized files now loaded: 0)
System memory in use before: 170.1 MB.
System memory in use after: 170.2 MB.

Unloading 6 unused Assets to reduce memory usage. Loaded Objects now: 2230.
Total: 3.680500 ms (FindLiveObjects: 0.224100 ms CreateObjectMapping: 0.077900 ms MarkObjects: 3.342700 ms  DeleteObjects: 0.034100 ms)

========================================================================
Received Prepare
Registering precompiled user dll's ...
Registered in 0.000874 seconds.
Begin MonoManager ReloadAssembly
Native extension for LinuxStandalone target not found
Native extension for WindowsStandalone target not found
Native extension for WebGL target not found
Refreshing native plugins compatible for Editor in 0.37 ms, found 0 plugins.
Preloading 0 native plugins for Editor in 0.00 ms.
Mono: successfully reloaded assembly
- Completed reload, in  1.222 seconds
Platform modules already initialized, skipping
Refreshing native plugins compatible for Editor in 0.33 ms, found 0 plugins.
Preloading 0 native plugins for Editor in 0.00 ms.
Unloading 1646 Unused Serialized files (Serialized files now loaded: 0)
System memory in use before: 170.1 MB.
System memory in use after: 170.2 MB.

Unloading 6 unused Assets to reduce memory usage. Loaded Objects now: 2233.
Total: 2.222600 ms (FindLiveObjects: 0.208600 ms CreateObjectMapping: 0.082200 ms MarkObjects: 1.910600 ms  DeleteObjects: 0.019800 ms)

========================================================================
Received Prepare
Registering precompiled user dll's ...
Registered in 0.001146 seconds.
Begin MonoManager ReloadAssembly
Native extension for LinuxStandalone target not found
Native extension for WindowsStandalone target not found
Native extension for WebGL target not found
Refreshing native plugins compatible for Editor in 0.32 ms, found 0 plugins.
Preloading 0 native plugins for Editor in 0.00 ms.
Mono: successfully reloaded assembly
- Completed reload, in  1.223 seconds
Platform modules already initialized, skipping
Refreshing native plugins compatible for Editor in 0.33 ms, found 0 plugins.
Preloading 0 native plugins for Editor in 0.00 ms.
Unloading 1646 Unused Serialized files (Serialized files now loaded: 0)
System memory in use before: 170.1 MB.
System memory in use after: 170.2 MB.

Unloading 6 unused Assets to reduce memory usage. Loaded Objects now: 2236.
Total: 2.751300 ms (FindLiveObjects: 0.199900 ms CreateObjectMapping: 0.094800 ms MarkObjects: 2.435200 ms  DeleteObjects: 0.019900 ms)

========================================================================
Received Prepare
Registering precompiled user dll's ...
Registered in 0.001198 seconds.
Begin MonoManager ReloadAssembly
Native extension for LinuxStandalone target not found
Native extension for WindowsStandalone target not found
Native extension for WebGL target not found
Refreshing native plugins compatible for Editor in 0.32 ms, found 0 plugins.
Preloading 0 native plugins for Editor in 0.00 ms.
Mono: successfully reloaded assembly
- Completed reload, in  1.187 seconds
Platform modules already initialized, skipping
Refreshing native plugins compatible for Editor in 0.33 ms, found 0 plugins.
Preloading 0 native plugins for Editor in 0.00 ms.
Unloading 1647 Unused Serialized files (Serialized files now loaded: 0)
System memory in use before: 170.1 MB.
System memory in use after: 170.2 MB.

Unloading 6 unused Assets to reduce memory usage. Loaded Objects now: 2240.
Total: 2.303000 ms (FindLiveObjects: 0.220600 ms CreateObjectMapping: 0.078500 ms MarkObjects: 1.967600 ms  DeleteObjects: 0.034400 ms)

========================================================================
Received Prepare
Registering precompiled user dll's ...
Registered in 0.001072 seconds.
Begin MonoManager ReloadAssembly
Native extension for LinuxStandalone target not found
Native extension for WindowsStandalone target not found
Native extension for WebGL target not found
Refreshing native plugins compatible for Editor in 0.46 ms, found 0 plugins.
Preloading 0 native plugins for Editor in 0.00 ms.
Mono: successfully reloaded assembly
- Completed reload, in  1.078 seconds
Platform modules already initialized, skipping
Refreshing native plugins compatible for Editor in 0.35 ms, found 0 plugins.
Preloading 0 native plugins for Editor in 0.00 ms.
Unloading 1647 Unused Serialized files (Serialized files now loaded: 0)
System memory in use before: 170.1 MB.
System memory in use after: 170.2 MB.

Unloading 6 unused Assets to reduce memory usage. Loaded Objects now: 2243.
Total: 2.803400 ms (FindLiveObjects: 0.272900 ms CreateObjectMapping: 0.096100 ms MarkObjects: 2.399800 ms  DeleteObjects: 0.032800 ms)

========================================================================
Received Prepare
Registering precompiled user dll's ...
Registered in 0.003203 seconds.
Begin MonoManager ReloadAssembly
Native extension for LinuxStandalone target not found
Native extension for WindowsStandalone target not found
Native extension for WebGL target not found
Refreshing native plugins compatible for Editor in 0.33 ms, found 0 plugins.
Preloading 0 native plugins for Editor in 0.00 ms.
Mono: successfully reloaded assembly
- Completed reload, in  1.368 seconds
Platform modules already initialized, skipping
Refreshing native plugins compatible for Editor in 0.31 ms, found 0 plugins.
Preloading 0 native plugins for Editor in 0.00 ms.
Unloading 1647 Unused Serialized files (Serialized files now loaded: 0)
System memory in use before: 170.1 MB.
System memory in use after: 170.3 MB.

Unloading 6 unused Assets to reduce memory usage. Loaded Objects now: 2246.
Total: 3.197900 ms (FindLiveObjects: 0.283700 ms CreateObjectMapping: 0.082600 ms MarkObjects: 2.791100 ms  DeleteObjects: 0.038600 ms)

========================================================================
Received Prepare
Registering precompiled user dll's ...
Registered in 0.002817 seconds.
Begin MonoManager ReloadAssembly
Native extension for LinuxStandalone target not found
Native extension for WindowsStandalone target not found
Native extension for WebGL target not found
Refreshing native plugins compatible for Editor in 0.57 ms, found 0 plugins.
Preloading 0 native plugins for Editor in 0.00 ms.
Mono: successfully reloaded assembly
- Completed reload, in  1.166 seconds
Platform modules already initialized, skipping
Refreshing native plugins compatible for Editor in 0.34 ms, found 0 plugins.
Preloading 0 native plugins for Editor in 0.00 ms.
Unloading 1647 Unused Serialized files (Serialized files now loaded: 0)
System memory in use before: 170.2 MB.
System memory in use after: 170.3 MB.

Unloading 6 unused Assets to reduce memory usage. Loaded Objects now: 2249.
Total: 2.948000 ms (FindLiveObjects: 0.218700 ms CreateObjectMapping: 0.075900 ms MarkObjects: 2.605400 ms  DeleteObjects: 0.046800 ms)

========================================================================
Received Prepare
Registering precompiled user dll's ...
Registered in 0.000970 seconds.
Begin MonoManager ReloadAssembly
Native extension for LinuxStandalone target not found
Native extension for WindowsStandalone target not found
Native extension for WebGL target not found
Refreshing native plugins compatible for Editor in 0.45 ms, found 0 plugins.
Preloading 0 native plugins for Editor in 0.00 ms.
Mono: successfully reloaded assembly
- Completed reload, in  1.139 seconds
Platform modules already initialized, skipping
Refreshing native plugins compatible for Editor in 0.32 ms, found 0 plugins.
Preloading 0 native plugins for Editor in 0.00 ms.
Unloading 1647 Unused Serialized files (Serialized files now loaded: 0)
System memory in use before: 170.2 MB.
System memory in use after: 170.3 MB.

Unloading 6 unused Assets to reduce memory usage. Loaded Objects now: 2252.
Total: 6.544900 ms (FindLiveObjects: 0.215200 ms CreateObjectMapping: 0.076000 ms MarkObjects: 6.230600 ms  DeleteObjects: 0.021800 ms)

========================================================================
Received Prepare
Registering precompiled user dll's ...
Registered in 0.001069 seconds.
Begin MonoManager ReloadAssembly
Native extension for LinuxStandalone target not found
Native extension for WindowsStandalone target not found
Native extension for WebGL target not found
Refreshing native plugins compatible for Editor in 0.67 ms, found 0 plugins.
Preloading 0 native plugins for Editor in 0.00 ms.
Mono: successfully reloaded assembly
- Completed reload, in  1.197 seconds
Platform modules already initialized, skipping
Refreshing native plugins compatible for Editor in 0.34 ms, found 0 plugins.
Preloading 0 native plugins for Editor in 0.00 ms.
Unloading 1647 Unused Serialized files (Serialized files now loaded: 0)
System memory in use before: 170.2 MB.
System memory in use after: 170.3 MB.

Unloading 6 unused Assets to reduce memory usage. Loaded Objects now: 2255.
Total: 2.666500 ms (FindLiveObjects: 0.203300 ms CreateObjectMapping: 0.071100 ms MarkObjects: 2.358900 ms  DeleteObjects: 0.031800 ms)

========================================================================
Received Prepare
Registering precompiled user dll's ...
Registered in 0.001244 seconds.
Begin MonoManager ReloadAssembly
Native extension for LinuxStandalone target not found
Native extension for WindowsStandalone target not found
Native extension for WebGL target not found
Refreshing native plugins compatible for Editor in 0.45 ms, found 0 plugins.
Preloading 0 native plugins for Editor in 0.00 ms.
Mono: successfully reloaded assembly
- Completed reload, in  1.273 seconds
Platform modules already initialized, skipping
Refreshing native plugins compatible for Editor in 0.35 ms, found 0 plugins.
Preloading 0 native plugins for Editor in 0.00 ms.
Unloading 1647 Unused Serialized files (Serialized files now loaded: 0)
System memory in use before: 170.2 MB.
System memory in use after: 170.3 MB.

Unloading 6 unused Assets to reduce memory usage. Loaded Objects now: 2258.
Total: 2.253800 ms (FindLiveObjects: 0.210800 ms CreateObjectMapping: 0.073300 ms MarkObjects: 1.948700 ms  DeleteObjects: 0.019300 ms)

========================================================================
Received Prepare
Registering precompiled user dll's ...
Registered in 0.001190 seconds.
Begin MonoManager ReloadAssembly
Native extension for LinuxStandalone target not found
Native extension for WindowsStandalone target not found
Native extension for WebGL target not found
Refreshing native plugins compatible for Editor in 0.43 ms, found 0 plugins.
Preloading 0 native plugins for Editor in 0.00 ms.
Mono: successfully reloaded assembly
- Completed reload, in  1.477 seconds
Platform modules already initialized, skipping
Refreshing native plugins compatible for Editor in 0.31 ms, found 0 plugins.
Preloading 0 native plugins for Editor in 0.00 ms.
Unloading 1647 Unused Serialized files (Serialized files now loaded: 0)
System memory in use before: 170.2 MB.
System memory in use after: 170.3 MB.

Unloading 6 unused Assets to reduce memory usage. Loaded Objects now: 2261.
Total: 2.125800 ms (FindLiveObjects: 0.195500 ms CreateObjectMapping: 0.069300 ms MarkObjects: 1.843800 ms  DeleteObjects: 0.015300 ms)

========================================================================
Received Prepare
Registering precompiled user dll's ...
Registered in 0.001589 seconds.
Begin MonoManager ReloadAssembly
Native extension for LinuxStandalone target not found
Native extension for WindowsStandalone target not found
Native extension for WebGL target not found
Refreshing native plugins compatible for Editor in 0.40 ms, found 0 plugins.
Preloading 0 native plugins for Editor in 0.00 ms.
Mono: successfully reloaded assembly
- Completed reload, in  1.201 seconds
Platform modules already initialized, skipping
Refreshing native plugins compatible for Editor in 0.34 ms, found 0 plugins.
Preloading 0 native plugins for Editor in 0.00 ms.
Unloading 1647 Unused Serialized files (Serialized files now loaded: 0)
System memory in use before: 170.2 MB.
System memory in use after: 170.3 MB.

Unloading 6 unused Assets to reduce memory usage. Loaded Objects now: 2264.
Total: 2.616700 ms (FindLiveObjects: 0.214900 ms CreateObjectMapping: 0.075800 ms MarkObjects: 2.301800 ms  DeleteObjects: 0.023000 ms)

========================================================================
Received Prepare
Registering precompiled user dll's ...
Registered in 0.001004 seconds.
Begin MonoManager ReloadAssembly
Native extension for LinuxStandalone target not found
Native extension for WindowsStandalone target not found
Native extension for WebGL target not found
Refreshing native plugins compatible for Editor in 0.45 ms, found 0 plugins.
Preloading 0 native plugins for Editor in 0.00 ms.
Mono: successfully reloaded assembly
- Completed reload, in  1.188 seconds
Platform modules already initialized, skipping
Refreshing native plugins compatible for Editor in 0.32 ms, found 0 plugins.
Preloading 0 native plugins for Editor in 0.00 ms.
Unloading 1647 Unused Serialized files (Serialized files now loaded: 0)
System memory in use before: 170.2 MB.
System memory in use after: 170.3 MB.

Unloading 6 unused Assets to reduce memory usage. Loaded Objects now: 2267.
Total: 2.348300 ms (FindLiveObjects: 0.261000 ms CreateObjectMapping: 0.082300 ms MarkObjects: 1.956300 ms  DeleteObjects: 0.046900 ms)

========================================================================
Received Prepare
Registering precompiled user dll's ...
Registered in 0.000918 seconds.
Begin MonoManager ReloadAssembly
Native extension for LinuxStandalone target not found
Native extension for WindowsStandalone target not found
Native extension for WebGL target not found
Refreshing native plugins compatible for Editor in 0.50 ms, found 0 plugins.
Preloading 0 native plugins for Editor in 0.00 ms.
Mono: successfully reloaded assembly
- Completed reload, in  1.157 seconds
Platform modules already initialized, skipping
Refreshing native plugins compatible for Editor in 0.38 ms, found 0 plugins.
Preloading 0 native plugins for Editor in 0.00 ms.
Unloading 1647 Unused Serialized files (Serialized files now loaded: 0)
System memory in use before: 170.2 MB.
System memory in use after: 170.3 MB.

Unloading 6 unused Assets to reduce memory usage. Loaded Objects now: 2270.
Total: 2.529400 ms (FindLiveObjects: 0.291000 ms CreateObjectMapping: 0.129900 ms MarkObjects: 2.068200 ms  DeleteObjects: 0.038800 ms)

========================================================================
Received Import Request.
  Time since last request: 2917.044772 seconds.
  path: Packages/com.unity.cinemachine/Runtime/Behaviours/CinemachineDollyCart.cs
  artifactKey: Guid(99a9c787e5d1bbf48a389834c4a9641c) Importer(815301076,1909f56bfc062723c751e8b465ee728b)
Start importing Packages/com.unity.cinemachine/Runtime/Behaviours/CinemachineDollyCart.cs using Guid(99a9c787e5d1bbf48a389834c4a9641c) Importer(815301076,1909f56bfc062723c751e8b465ee728b)  -> (artifact id: '11d21904fd6666e10fd80dc9848b09f5') in 0.018712 seconds
  Import took 0.023063 seconds .

========================================================================
Received Import Request.
  Time since last request: 0.027147 seconds.
  path: Packages/com.unity.cinemachine/Runtime/Behaviours/CinemachineDollyCart.cs
  artifactKey: Guid(99a9c787e5d1bbf48a389834c4a9641c) Importer(815301076,1909f56bfc062723c751e8b465ee728b)
Start importing Packages/com.unity.cinemachine/Runtime/Behaviours/CinemachineDollyCart.cs using Guid(99a9c787e5d1bbf48a389834c4a9641c) Importer(815301076,1909f56bfc062723c751e8b465ee728b)  -> (artifact id: '11d21904fd6666e10fd80dc9848b09f5') in 0.014341 seconds
  Import took 0.017687 seconds .

========================================================================
Received Prepare
Registering precompiled user dll's ...
Registered in 0.003314 seconds.
Begin MonoManager ReloadAssembly
Native extension for LinuxStandalone target not found
Native extension for WindowsStandalone target not found
Native extension for WebGL target not found
Refreshing native plugins compatible for Editor in 0.36 ms, found 0 plugins.
Preloading 0 native plugins for Editor in 0.00 ms.
Mono: successfully reloaded assembly
- Completed reload, in  1.328 seconds
Platform modules already initialized, skipping
Refreshing native plugins compatible for Editor in 0.34 ms, found 0 plugins.
Preloading 0 native plugins for Editor in 0.00 ms.
Unloading 1647 Unused Serialized files (Serialized files now loaded: 0)
System memory in use before: 170.2 MB.
System memory in use after: 170.3 MB.

Unloading 6 unused Assets to reduce memory usage. Loaded Objects now: 2273.
Total: 2.503700 ms (FindLiveObjects: 0.248000 ms CreateObjectMapping: 0.089500 ms MarkObjects: 2.143200 ms  DeleteObjects: 0.021100 ms)

========================================================================
Received Prepare
Registering precompiled user dll's ...
Registered in 0.001303 seconds.
Begin MonoManager ReloadAssembly
Native extension for LinuxStandalone target not found
Native extension for WindowsStandalone target not found
Native extension for WebGL target not found
Refreshing native plugins compatible for Editor in 0.40 ms, found 0 plugins.
Preloading 0 native plugins for Editor in 0.00 ms.
Mono: successfully reloaded assembly
- Completed reload, in  1.971 seconds
Platform modules already initialized, skipping
Refreshing native plugins compatible for Editor in 0.40 ms, found 0 plugins.
Preloading 0 native plugins for Editor in 0.00 ms.
Unloading 1647 Unused Serialized files (Serialized files now loaded: 0)
System memory in use before: 170.2 MB.
System memory in use after: 170.3 MB.

Unloading 6 unused Assets to reduce memory usage. Loaded Objects now: 2276.
Total: 4.125000 ms (FindLiveObjects: 0.484700 ms CreateObjectMapping: 0.619800 ms MarkObjects: 2.979100 ms  DeleteObjects: 0.038800 ms)

========================================================================
Received Import Request.
  Time since last request: 821.982412 seconds.
  path: Assets/Scripts/Tower.cs
  artifactKey: Guid(bf9deb311513ffa459b5e91ef2bbf476) Importer(815301076,1909f56bfc062723c751e8b465ee728b)
Start importing Assets/Scripts/Tower.cs using Guid(bf9deb311513ffa459b5e91ef2bbf476) Importer(815301076,1909f56bfc062723c751e8b465ee728b)  -> (artifact id: '5183e08e647d6609ee523f8631528b4a') in 0.017675 seconds
  Import took 0.022664 seconds .

========================================================================
Received Import Request.
  Time since last request: 0.024587 seconds.
  path: Assets/Scripts/Tower.cs
  artifactKey: Guid(bf9deb311513ffa459b5e91ef2bbf476) Importer(815301076,1909f56bfc062723c751e8b465ee728b)
Start importing Assets/Scripts/Tower.cs using Guid(bf9deb311513ffa459b5e91ef2bbf476) Importer(815301076,1909f56bfc062723c751e8b465ee728b)  -> (artifact id: '5183e08e647d6609ee523f8631528b4a') in 0.015672 seconds
  Import took 0.020408 seconds .

========================================================================
Received Import Request.
  Time since last request: 11.614339 seconds.
  path: Assets/Scenes/Ship Flight_Profiles/CM vcam1 Profile.asset
  artifactKey: Guid(afe57a943e3987441a677df4e53ac46e) Importer(815301076,1909f56bfc062723c751e8b465ee728b)
Start importing Assets/Scenes/Ship Flight_Profiles/CM vcam1 Profile.asset using Guid(afe57a943e3987441a677df4e53ac46e) Importer(815301076,1909f56bfc062723c751e8b465ee728b)  -> (artifact id: 'b60d0c298fc07ff3609a682d23244d44') in 0.058302 seconds
  Import took 0.062134 seconds .

========================================================================
Received Import Request.
  Time since last request: 20.963952 seconds.
  path: Assets/Prefabs/Tower.prefab
  artifactKey: Guid(2ddcbd200ad7df14dad7eaf73921e94a) Importer(815301076,1909f56bfc062723c751e8b465ee728b)
Start importing Assets/Prefabs/Tower.prefab using Guid(2ddcbd200ad7df14dad7eaf73921e94a) Importer(815301076,1909f56bfc062723c751e8b465ee728b)  -> (artifact id: '6d14c8a6f0cbc1a25c32e52d66428915') in 0.107832 seconds
  Import took 0.112715 seconds .

========================================================================
Received Import Request.
  Time since last request: 8.205541 seconds.
  path: Assets/Prefabs/Tower.prefab
  artifactKey: Guid(2ddcbd200ad7df14dad7eaf73921e94a) Importer(815301076,1909f56bfc062723c751e8b465ee728b)
Start importing Assets/Prefabs/Tower.prefab using Guid(2ddcbd200ad7df14dad7eaf73921e94a) Importer(815301076,1909f56bfc062723c751e8b465ee728b)  -> (artifact id: 'ee8fe5ad8ebbbec0335bd7ca996b7f7c') in 0.032805 seconds
  Import took 0.036685 seconds .

========================================================================
Received Import Request.
  Time since last request: 3.626904 seconds.
  path: Assets/Prefabs/Tower.prefab
  artifactKey: Guid(2ddcbd200ad7df14dad7eaf73921e94a) Importer(815301076,1909f56bfc062723c751e8b465ee728b)
Start importing Assets/Prefabs/Tower.prefab using Guid(2ddcbd200ad7df14dad7eaf73921e94a) Importer(815301076,1909f56bfc062723c751e8b465ee728b)  -> (artifact id: '23012afe256400421ce571439d169c77') in 0.038630 seconds
  Import took 0.045295 seconds .

========================================================================
Received Prepare
Registering precompiled user dll's ...
Registered in 0.002726 seconds.
Begin MonoManager ReloadAssembly
Native extension for LinuxStandalone target not found
Native extension for WindowsStandalone target not found
Native extension for WebGL target not found
Refreshing native plugins compatible for Editor in 0.31 ms, found 0 plugins.
Preloading 0 native plugins for Editor in 0.00 ms.
Mono: successfully reloaded assembly
- Completed reload, in  1.187 seconds
Platform modules already initialized, skipping
Refreshing native plugins compatible for Editor in 0.31 ms, found 0 plugins.
Preloading 0 native plugins for Editor in 0.00 ms.
Unloading 1647 Unused Serialized files (Serialized files now loaded: 0)
System memory in use before: 170.3 MB.
System memory in use after: 170.4 MB.

Unloading 8 unused Assets to reduce memory usage. Loaded Objects now: 2280.
Total: 2.289400 ms (FindLiveObjects: 0.211300 ms CreateObjectMapping: 0.073200 ms MarkObjects: 1.939500 ms  DeleteObjects: 0.064400 ms)

========================================================================
Received Import Request.
  Time since last request: 46.978184 seconds.
  path: Assets/Prefabs/Tower.prefab
  artifactKey: Guid(2ddcbd200ad7df14dad7eaf73921e94a) Importer(815301076,1909f56bfc062723c751e8b465ee728b)
Start importing Assets/Prefabs/Tower.prefab using Guid(2ddcbd200ad7df14dad7eaf73921e94a) Importer(815301076,1909f56bfc062723c751e8b465ee728b)  -> (artifact id: '227178766b4efb82067c8591a8227712') in 0.091099 seconds
  Import took 0.105614 seconds .

========================================================================
Received Prepare
Registering precompiled user dll's ...
Registered in 0.001072 seconds.
Begin MonoManager ReloadAssembly
Native extension for LinuxStandalone target not found
Native extension for WindowsStandalone target not found
Native extension for WebGL target not found
Refreshing native plugins compatible for Editor in 0.34 ms, found 0 plugins.
Preloading 0 native plugins for Editor in 0.00 ms.
Mono: successfully reloaded assembly
- Completed reload, in  1.361 seconds
Platform modules already initialized, skipping
Refreshing native plugins compatible for Editor in 0.40 ms, found 0 plugins.
Preloading 0 native plugins for Editor in 0.00 ms.
Unloading 1647 Unused Serialized files (Serialized files now loaded: 0)
System memory in use before: 170.3 MB.
System memory in use after: 170.4 MB.

Unloading 7 unused Assets to reduce memory usage. Loaded Objects now: 2284.
Total: 2.196300 ms (FindLiveObjects: 0.232800 ms CreateObjectMapping: 0.078900 ms MarkObjects: 1.858900 ms  DeleteObjects: 0.024400 ms)

========================================================================
Received Import Request.
  Time since last request: 118.146201 seconds.
  path: Assets/Prefabs/Tower.prefab
  artifactKey: Guid(2ddcbd200ad7df14dad7eaf73921e94a) Importer(815301076,1909f56bfc062723c751e8b465ee728b)
Start importing Assets/Prefabs/Tower.prefab using Guid(2ddcbd200ad7df14dad7eaf73921e94a) Importer(815301076,1909f56bfc062723c751e8b465ee728b)  -> (artifact id: '70dc85902d6faa4c320e4fea7bcd7cb9') in 0.094094 seconds
  Import took 0.097924 seconds .

========================================================================
Received Import Request.
  Time since last request: 4.305673 seconds.
  path: Assets/Prefabs/Tower.prefab
  artifactKey: Guid(2ddcbd200ad7df14dad7eaf73921e94a) Importer(815301076,1909f56bfc062723c751e8b465ee728b)
Start importing Assets/Prefabs/Tower.prefab using Guid(2ddcbd200ad7df14dad7eaf73921e94a) Importer(815301076,1909f56bfc062723c751e8b465ee728b)  -> (artifact id: '479e39cb2530934fc2099ca900eb6434') in 0.030742 seconds
  Import took 0.034354 seconds .

========================================================================
Received Import Request.
  Time since last request: 0.583184 seconds.
  path: Assets/Prefabs/Tower.prefab
  artifactKey: Guid(2ddcbd200ad7df14dad7eaf73921e94a) Importer(815301076,1909f56bfc062723c751e8b465ee728b)
Start importing Assets/Prefabs/Tower.prefab using Guid(2ddcbd200ad7df14dad7eaf73921e94a) Importer(815301076,1909f56bfc062723c751e8b465ee728b)  -> (artifact id: '6e5ad42ce691e30e5b4798c4c4dc04bb') in 0.029931 seconds
  Import took 0.034978 seconds .

========================================================================
Received Import Request.
  Time since last request: 8.365730 seconds.
  path: Assets/Prefabs/Tower.prefab
  artifactKey: Guid(2ddcbd200ad7df14dad7eaf73921e94a) Importer(815301076,1909f56bfc062723c751e8b465ee728b)
Start importing Assets/Prefabs/Tower.prefab using Guid(2ddcbd200ad7df14dad7eaf73921e94a) Importer(815301076,1909f56bfc062723c751e8b465ee728b)  -> (artifact id: '6c466856adbfb070571051d994c5a0d6') in 0.038205 seconds
  Import took 0.042598 seconds .

========================================================================
Received Prepare
Registering precompiled user dll's ...
Registered in 0.001028 seconds.
Begin MonoManager ReloadAssembly
Native extension for LinuxStandalone target not found
Native extension for WindowsStandalone target not found
Native extension for WebGL target not found
Refreshing native plugins compatible for Editor in 0.31 ms, found 0 plugins.
Preloading 0 native plugins for Editor in 0.00 ms.
Mono: successfully reloaded assembly
- Completed reload, in  1.102 seconds
Platform modules already initialized, skipping
Refreshing native plugins compatible for Editor in 0.36 ms, found 0 plugins.
Preloading 0 native plugins for Editor in 0.00 ms.
Unloading 1647 Unused Serialized files (Serialized files now loaded: 0)
System memory in use before: 170.3 MB.
System memory in use after: 170.4 MB.

Unloading 7 unused Assets to reduce memory usage. Loaded Objects now: 2288.
Total: 2.331600 ms (FindLiveObjects: 0.261200 ms CreateObjectMapping: 0.078600 ms MarkObjects: 1.951400 ms  DeleteObjects: 0.039100 ms)

========================================================================
Received Import Request.
  Time since last request: 57.065412 seconds.
  path: Assets/Prefabs/Tower.prefab
  artifactKey: Guid(2ddcbd200ad7df14dad7eaf73921e94a) Importer(815301076,1909f56bfc062723c751e8b465ee728b)
Start importing Assets/Prefabs/Tower.prefab using Guid(2ddcbd200ad7df14dad7eaf73921e94a) Importer(815301076,1909f56bfc062723c751e8b465ee728b)  -> (artifact id: '3c33d562976fd6610d55044586e9e6d0') in 0.074556 seconds
  Import took 0.078170 seconds .

========================================================================
Received Import Request.
  Time since last request: 1.435109 seconds.
  path: Assets/Prefabs/Tower.prefab
  artifactKey: Guid(2ddcbd200ad7df14dad7eaf73921e94a) Importer(815301076,1909f56bfc062723c751e8b465ee728b)
Start importing Assets/Prefabs/Tower.prefab using Guid(2ddcbd200ad7df14dad7eaf73921e94a) Importer(815301076,1909f56bfc062723c751e8b465ee728b)  -> (artifact id: '9bdf7b4b17ccec60bc4d92547272a99b') in 0.036940 seconds
  Import took 0.042291 seconds .

========================================================================
Received Import Request.
  Time since last request: 5.224520 seconds.
  path: Assets/Prefabs/Tower.prefab
  artifactKey: Guid(2ddcbd200ad7df14dad7eaf73921e94a) Importer(815301076,1909f56bfc062723c751e8b465ee728b)
Start importing Assets/Prefabs/Tower.prefab using Guid(2ddcbd200ad7df14dad7eaf73921e94a) Importer(815301076,1909f56bfc062723c751e8b465ee728b)  -> (artifact id: '8622d88aa2dcb4438a8b4f199028073e') in 0.046967 seconds
  Import took 0.051804 seconds .

========================================================================
Received Import Request.
  Time since last request: 10.056624 seconds.
  path: Assets/Prefabs/Tower.prefab
  artifactKey: Guid(2ddcbd200ad7df14dad7eaf73921e94a) Importer(815301076,1909f56bfc062723c751e8b465ee728b)
Start importing Assets/Prefabs/Tower.prefab using Guid(2ddcbd200ad7df14dad7eaf73921e94a) Importer(815301076,1909f56bfc062723c751e8b465ee728b)  -> (artifact id: '61ed2a4eb5b308dc319d7c60a658db9c') in 0.026193 seconds
  Import took 0.029972 seconds .

========================================================================
Received Prepare
Registering precompiled user dll's ...
Registered in 0.002286 seconds.
Begin MonoManager ReloadAssembly
Native extension for LinuxStandalone target not found
Native extension for WindowsStandalone target not found
Native extension for WebGL target not found
Refreshing native plugins compatible for Editor in 0.44 ms, found 0 plugins.
Preloading 0 native plugins for Editor in 0.00 ms.
Mono: successfully reloaded assembly
- Completed reload, in  1.360 seconds
Platform modules already initialized, skipping
Refreshing native plugins compatible for Editor in 0.31 ms, found 0 plugins.
Preloading 0 native plugins for Editor in 0.00 ms.
Unloading 1647 Unused Serialized files (Serialized files now loaded: 0)
System memory in use before: 170.3 MB.
System memory in use after: 170.4 MB.

Unloading 7 unused Assets to reduce memory usage. Loaded Objects now: 2292.
Total: 2.894700 ms (FindLiveObjects: 0.373200 ms CreateObjectMapping: 0.111500 ms MarkObjects: 2.372100 ms  DeleteObjects: 0.036300 ms)

========================================================================
Received Prepare
Registering precompiled user dll's ...
Registered in 0.000925 seconds.
Begin MonoManager ReloadAssembly
Native extension for LinuxStandalone target not found
Native extension for WindowsStandalone target not found
Native extension for WebGL target not found
Refreshing native plugins compatible for Editor in 0.38 ms, found 0 plugins.
Preloading 0 native plugins for Editor in 0.00 ms.
Mono: successfully reloaded assembly
- Completed reload, in  1.615 seconds
Platform modules already initialized, skipping
Refreshing native plugins compatible for Editor in 0.32 ms, found 0 plugins.
Preloading 0 native plugins for Editor in 0.00 ms.
Unloading 1650 Unused Serialized files (Serialized files now loaded: 0)
System memory in use before: 170.4 MB.
System memory in use after: 170.6 MB.

Unloading 6 unused Assets to reduce memory usage. Loaded Objects now: 2298.
Total: 5.582400 ms (FindLiveObjects: 0.399300 ms CreateObjectMapping: 0.114500 ms MarkObjects: 5.044200 ms  DeleteObjects: 0.022700 ms)

========================================================================
Received Import Request.
  Time since last request: 206.923071 seconds.
  path: Assets/Flocking/BoidController.cs
  artifactKey: Guid(66a0598f7abd34e84aa90f7426edcc21) Importer(815301076,1909f56bfc062723c751e8b465ee728b)
Start importing Assets/Flocking/BoidController.cs using Guid(66a0598f7abd34e84aa90f7426edcc21) Importer(815301076,1909f56bfc062723c751e8b465ee728b)  -> (artifact id: '005fe7bd07dd9fd3b3021ad5a4df531d') in 0.019082 seconds
  Import took 0.022898 seconds .

========================================================================
Received Import Request.
  Time since last request: 0.018557 seconds.
  path: Assets/Flocking/BoidController.cs
  artifactKey: Guid(66a0598f7abd34e84aa90f7426edcc21) Importer(815301076,1909f56bfc062723c751e8b465ee728b)
Start importing Assets/Flocking/BoidController.cs using Guid(66a0598f7abd34e84aa90f7426edcc21) Importer(815301076,1909f56bfc062723c751e8b465ee728b)  -> (artifact id: '005fe7bd07dd9fd3b3021ad5a4df531d') in 0.017378 seconds
  Import took 0.022209 seconds .

========================================================================
Received Import Request.
  Time since last request: 0.430941 seconds.
  path: Assets/Flocking/demo
  artifactKey: Guid(d4d1b68c001b4f545bfa79aaf765dc98) Importer(815301076,1909f56bfc062723c751e8b465ee728b)
Start importing Assets/Flocking/demo using Guid(d4d1b68c001b4f545bfa79aaf765dc98) Importer(815301076,1909f56bfc062723c751e8b465ee728b)  -> (artifact id: '676c826a823ef64f8a3388d959c51c26') in 0.020224 seconds
  Import took 0.023684 seconds .

========================================================================
Received Import Request.
  Time since last request: 0.703522 seconds.
  path: Assets/Flocking/demo/Boid Collision.physicmaterial
  artifactKey: Guid(52c1435327f1f47dba187282f5ebf711) Importer(815301076,1909f56bfc062723c751e8b465ee728b)
Start importing Assets/Flocking/demo/Boid Collision.physicmaterial using Guid(52c1435327f1f47dba187282f5ebf711) Importer(815301076,1909f56bfc062723c751e8b465ee728b)  -> (artifact id: '367a9848f861759a210d4c7a726c6458') in 0.028495 seconds
  Import took 0.032428 seconds .

========================================================================
Received Import Request.
  Time since last request: 0.000374 seconds.
  path: Assets/Flocking/demo/Boid.prefab
  artifactKey: Guid(d8b44d7d2c649494f94fc21c3d373a80) Importer(815301076,1909f56bfc062723c751e8b465ee728b)
Start importing Assets/Flocking/demo/Boid.prefab using Guid(d8b44d7d2c649494f94fc21c3d373a80) Importer(815301076,1909f56bfc062723c751e8b465ee728b)  -> (artifact id: 'ca985613e10cafa7184bdcdbf60ccb4c') in 0.084058 seconds
  Import took 0.086808 seconds .

========================================================================
Received Import Request.
  Time since last request: 106.083271 seconds.
  path: Assets/Flocking/demo/Boid.prefab
  artifactKey: Guid(d8b44d7d2c649494f94fc21c3d373a80) Importer(815301076,1909f56bfc062723c751e8b465ee728b)
Start importing Assets/Flocking/demo/Boid.prefab using Guid(d8b44d7d2c649494f94fc21c3d373a80) Importer(815301076,1909f56bfc062723c751e8b465ee728b)  -> (artifact id: '9aaafcbdce5b83e872b34433a96528f3') in 0.030324 seconds
  Import took 0.056574 seconds .

========================================================================
Received Import Request.
  Time since last request: 1.969386 seconds.
  path: Assets/Materials/ship.mat
  artifactKey: Guid(b2034d2bcba1d1145865512b291af24d) Importer(815301076,1909f56bfc062723c751e8b465ee728b)
Start importing Assets/Materials/ship.mat using Guid(b2034d2bcba1d1145865512b291af24d) Importer(815301076,1909f56bfc062723c751e8b465ee728b)  -> (artifact id: '26fe697774caf09f572f3cf72678c109') in 0.110655 seconds
  Import took 0.115386 seconds .

========================================================================
Received Import Request.
  Time since last request: 0.004848 seconds.
  path: Assets/Materials/ship.mat
  artifactKey: Guid(b2034d2bcba1d1145865512b291af24d) Importer(815301076,1909f56bfc062723c751e8b465ee728b)
Start importing Assets/Materials/ship.mat using Guid(b2034d2bcba1d1145865512b291af24d) Importer(815301076,1909f56bfc062723c751e8b465ee728b)  -> (artifact id: '26fe697774caf09f572f3cf72678c109') in 0.053103 seconds
  Import took 0.057597 seconds .

========================================================================
Received Import Request.
  Time since last request: 1.635210 seconds.
  path: Assets/Flocking/demo/Boid.prefab
  artifactKey: Guid(d8b44d7d2c649494f94fc21c3d373a80) Importer(815301076,1909f56bfc062723c751e8b465ee728b)
Start importing Assets/Flocking/demo/Boid.prefab using Guid(d8b44d7d2c649494f94fc21c3d373a80) Importer(815301076,1909f56bfc062723c751e8b465ee728b)  -> (artifact id: 'db5afa58bd9496c63dd28bacb84ee55d') in 0.019696 seconds
  Import took 0.027124 seconds .

========================================================================
Received Import Request.
  Time since last request: 10.709873 seconds.
  path: Assets/Flocking/demo/Boid.prefab
  artifactKey: Guid(d8b44d7d2c649494f94fc21c3d373a80) Importer(815301076,1909f56bfc062723c751e8b465ee728b)
Start importing Assets/Flocking/demo/Boid.prefab using Guid(d8b44d7d2c649494f94fc21c3d373a80) Importer(815301076,1909f56bfc062723c751e8b465ee728b)  -> (artifact id: 'd04db612a86fc52949b8718bf666aede') in 0.029410 seconds
  Import took 0.042577 seconds .

========================================================================
Received Prepare
Registering precompiled user dll's ...
Registered in 0.001039 seconds.
Begin MonoManager ReloadAssembly
Native extension for LinuxStandalone target not found
Native extension for WindowsStandalone target not found
Native extension for WebGL target not found
Refreshing native plugins compatible for Editor in 0.32 ms, found 0 plugins.
Preloading 0 native plugins for Editor in 0.00 ms.
Mono: successfully reloaded assembly
- Completed reload, in  1.138 seconds
Platform modules already initialized, skipping
Refreshing native plugins compatible for Editor in 0.32 ms, found 0 plugins.
Preloading 0 native plugins for Editor in 0.00 ms.
Unloading 1650 Unused Serialized files (Serialized files now loaded: 0)
System memory in use before: 170.7 MB.
System memory in use after: 170.8 MB.

Unloading 6 unused Assets to reduce memory usage. Loaded Objects now: 2335.
Total: 4.236600 ms (FindLiveObjects: 0.275400 ms CreateObjectMapping: 0.074300 ms MarkObjects: 3.865900 ms  DeleteObjects: 0.019400 ms)

========================================================================
Received Import Request.
  Time since last request: 440.096138 seconds.
  path: Assets/Flocking/demo/Boid.prefab
  artifactKey: Guid(d8b44d7d2c649494f94fc21c3d373a80) Importer(815301076,1909f56bfc062723c751e8b465ee728b)
Start importing Assets/Flocking/demo/Boid.prefab using Guid(d8b44d7d2c649494f94fc21c3d373a80) Importer(815301076,1909f56bfc062723c751e8b465ee728b)  -> (artifact id: 'd3fff2c24b48eaeebfc3486bcee4b860') in 0.077034 seconds
  Import took 0.088530 seconds .

========================================================================
Received Prepare
Registering precompiled user dll's ...
Registered in 0.001226 seconds.
Begin MonoManager ReloadAssembly
Native extension for LinuxStandalone target not found
Native extension for WindowsStandalone target not found
Native extension for WebGL target not found
Refreshing native plugins compatible for Editor in 0.31 ms, found 0 plugins.
Preloading 0 native plugins for Editor in 0.00 ms.
Mono: successfully reloaded assembly
- Completed reload, in  1.100 seconds
Platform modules already initialized, skipping
Refreshing native plugins compatible for Editor in 0.47 ms, found 0 plugins.
Preloading 0 native plugins for Editor in 0.00 ms.
Unloading 1650 Unused Serialized files (Serialized files now loaded: 0)
System memory in use before: 170.7 MB.
System memory in use after: 170.8 MB.

Unloading 6 unused Assets to reduce memory usage. Loaded Objects now: 2339.
Total: 2.864600 ms (FindLiveObjects: 0.328700 ms CreateObjectMapping: 0.149700 ms MarkObjects: 2.350300 ms  DeleteObjects: 0.034100 ms)

========================================================================
Received Prepare
Registering precompiled user dll's ...
Registered in 0.001190 seconds.
Begin MonoManager ReloadAssembly
Native extension for LinuxStandalone target not found
Native extension for WindowsStandalone target not found
Native extension for WebGL target not found
Refreshing native plugins compatible for Editor in 0.35 ms, found 0 plugins.
Preloading 0 native plugins for Editor in 0.00 ms.
Mono: successfully reloaded assembly
- Completed reload, in  2.130 seconds
Platform modules already initialized, skipping
Refreshing native plugins compatible for Editor in 0.41 ms, found 0 plugins.
Preloading 0 native plugins for Editor in 0.00 ms.
Unloading 1650 Unused Serialized files (Serialized files now loaded: 0)
System memory in use before: 170.7 MB.
System memory in use after: 170.8 MB.

Unloading 6 unused Assets to reduce memory usage. Loaded Objects now: 2342.
Total: 3.579800 ms (FindLiveObjects: 0.269900 ms CreateObjectMapping: 0.084300 ms MarkObjects: 3.188800 ms  DeleteObjects: 0.034700 ms)

========================================================================
Received Prepare
Registering precompiled user dll's ...
Registered in 0.001621 seconds.
Begin MonoManager ReloadAssembly
Native extension for LinuxStandalone target not found
Native extension for WindowsStandalone target not found
Native extension for WebGL target not found
Refreshing native plugins compatible for Editor in 0.54 ms, found 0 plugins.
Preloading 0 native plugins for Editor in 0.00 ms.
Mono: successfully reloaded assembly
- Completed reload, in  1.850 seconds
Platform modules already initialized, skipping
Refreshing native plugins compatible for Editor in 0.31 ms, found 0 plugins.
Preloading 0 native plugins for Editor in 0.00 ms.
Unloading 1650 Unused Serialized files (Serialized files now loaded: 0)
System memory in use before: 170.7 MB.
System memory in use after: 170.8 MB.

Unloading 6 unused Assets to reduce memory usage. Loaded Objects now: 2345.
Total: 2.421600 ms (FindLiveObjects: 0.223700 ms CreateObjectMapping: 0.075100 ms MarkObjects: 2.089400 ms  DeleteObjects: 0.031800 ms)

========================================================================
Received Import Request.
  Time since last request: 3146.759569 seconds.
  path: Assets/Flocking/demo/Boid.prefab
  artifactKey: Guid(d8b44d7d2c649494f94fc21c3d373a80) Importer(815301076,1909f56bfc062723c751e8b465ee728b)
Start importing Assets/Flocking/demo/Boid.prefab using Guid(d8b44d7d2c649494f94fc21c3d373a80) Importer(815301076,1909f56bfc062723c751e8b465ee728b)  -> (artifact id: 'eaa7026ea34e1abef1f9cd6fe39037d1') in 0.088737 seconds
  Import took 0.093110 seconds .

========================================================================
Received Import Request.
  Time since last request: 20.100803 seconds.
  path: Assets/Scenes/Ship Flight.unity
  artifactKey: Guid(4aeb16a6756e49949905cccb09748425) Importer(815301076,1909f56bfc062723c751e8b465ee728b)
Start importing Assets/Scenes/Ship Flight.unity using Guid(4aeb16a6756e49949905cccb09748425) Importer(815301076,1909f56bfc062723c751e8b465ee728b)  -> (artifact id: 'b7bf2af084e0605ad42b23c436ba6f21') in 0.025730 seconds
  Import took 0.034066 seconds .

========================================================================
Received Import Request.
  Time since last request: 36.878954 seconds.
  path: Assets/Flocking
  artifactKey: Guid(0bf6f4c35718d844398aca6c290836a0) Importer(815301076,1909f56bfc062723c751e8b465ee728b)
Start importing Assets/Flocking using Guid(0bf6f4c35718d844398aca6c290836a0) Importer(815301076,1909f56bfc062723c751e8b465ee728b)  -> (artifact id: '7e5173d456bc7828c9dd4b8d1ec46e4b') in 0.008501 seconds
  Import took 0.011835 seconds .

========================================================================
Received Prepare
Registering precompiled user dll's ...
Registered in 0.001035 seconds.
Begin MonoManager ReloadAssembly
Native extension for LinuxStandalone target not found
Native extension for WindowsStandalone target not found
Native extension for WebGL target not found
Refreshing native plugins compatible for Editor in 0.35 ms, found 0 plugins.
Preloading 0 native plugins for Editor in 0.00 ms.
Mono: successfully reloaded assembly
- Completed reload, in  1.275 seconds
Platform modules already initialized, skipping
Refreshing native plugins compatible for Editor in 0.47 ms, found 0 plugins.
Preloading 0 native plugins for Editor in 0.00 ms.
Unloading 1650 Unused Serialized files (Serialized files now loaded: 0)
System memory in use before: 170.7 MB.
System memory in use after: 170.9 MB.

Unloading 6 unused Assets to reduce memory usage. Loaded Objects now: 2349.
Total: 4.002700 ms (FindLiveObjects: 0.220900 ms CreateObjectMapping: 0.073500 ms MarkObjects: 3.687600 ms  DeleteObjects: 0.019000 ms)

========================================================================
Received Prepare
Registering precompiled user dll's ...
Registered in 0.001268 seconds.
Begin MonoManager ReloadAssembly
Native extension for LinuxStandalone target not found
Native extension for WindowsStandalone target not found
Native extension for WebGL target not found
Refreshing native plugins compatible for Editor in 0.33 ms, found 0 plugins.
Preloading 0 native plugins for Editor in 0.00 ms.
Mono: successfully reloaded assembly
- Completed reload, in  1.442 seconds
Platform modules already initialized, skipping
Refreshing native plugins compatible for Editor in 0.46 ms, found 0 plugins.
Preloading 0 native plugins for Editor in 0.00 ms.
Unloading 1650 Unused Serialized files (Serialized files now loaded: 0)
System memory in use before: 170.8 MB.
System memory in use after: 170.9 MB.

Unloading 6 unused Assets to reduce memory usage. Loaded Objects now: 2352.
Total: 2.657800 ms (FindLiveObjects: 0.234800 ms CreateObjectMapping: 0.101700 ms MarkObjects: 2.301400 ms  DeleteObjects: 0.018600 ms)

========================================================================
Received Prepare
Registering precompiled user dll's ...
Registered in 0.001351 seconds.
Begin MonoManager ReloadAssembly
Native extension for LinuxStandalone target not found
Native extension for WindowsStandalone target not found
Native extension for WebGL target not found
Refreshing native plugins compatible for Editor in 0.35 ms, found 0 plugins.
Preloading 0 native plugins for Editor in 0.00 ms.
Mono: successfully reloaded assembly
- Completed reload, in  1.258 seconds
Platform modules already initialized, skipping
Refreshing native plugins compatible for Editor in 0.50 ms, found 0 plugins.
Preloading 0 native plugins for Editor in 0.00 ms.
Unloading 1650 Unused Serialized files (Serialized files now loaded: 0)
System memory in use before: 170.8 MB.
System memory in use after: 170.9 MB.

Unloading 6 unused Assets to reduce memory usage. Loaded Objects now: 2355.
Total: 2.617300 ms (FindLiveObjects: 0.260600 ms CreateObjectMapping: 0.072500 ms MarkObjects: 2.263700 ms  DeleteObjects: 0.018700 ms)

========================================================================
Received Prepare
Registering precompiled user dll's ...
Registered in 0.000949 seconds.
Begin MonoManager ReloadAssembly
Native extension for LinuxStandalone target not found
Native extension for WindowsStandalone target not found
Native extension for WebGL target not found
Refreshing native plugins compatible for Editor in 0.34 ms, found 0 plugins.
Preloading 0 native plugins for Editor in 0.00 ms.
Mono: successfully reloaded assembly
- Completed reload, in  1.148 seconds
Platform modules already initialized, skipping
Refreshing native plugins compatible for Editor in 0.33 ms, found 0 plugins.
Preloading 0 native plugins for Editor in 0.00 ms.
Unloading 1650 Unused Serialized files (Serialized files now loaded: 0)
System memory in use before: 170.8 MB.
System memory in use after: 170.9 MB.

Unloading 6 unused Assets to reduce memory usage. Loaded Objects now: 2358.
Total: 2.659900 ms (FindLiveObjects: 0.250200 ms CreateObjectMapping: 0.083700 ms MarkObjects: 2.304500 ms  DeleteObjects: 0.020300 ms)

========================================================================
Received Prepare
Registering precompiled user dll's ...
Registered in 0.001443 seconds.
Begin MonoManager ReloadAssembly
Native extension for LinuxStandalone target not found
Native extension for WindowsStandalone target not found
Native extension for WebGL target not found
Refreshing native plugins compatible for Editor in 0.40 ms, found 0 plugins.
Preloading 0 native plugins for Editor in 0.00 ms.
Mono: successfully reloaded assembly
- Completed reload, in  1.298 seconds
Platform modules already initialized, skipping
Refreshing native plugins compatible for Editor in 0.47 ms, found 0 plugins.
Preloading 0 native plugins for Editor in 0.00 ms.
Unloading 1650 Unused Serialized files (Serialized files now loaded: 0)
System memory in use before: 170.8 MB.
System memory in use after: 170.9 MB.

Unloading 6 unused Assets to reduce memory usage. Loaded Objects now: 2361.
Total: 3.129300 ms (FindLiveObjects: 0.255400 ms CreateObjectMapping: 0.080500 ms MarkObjects: 2.772300 ms  DeleteObjects: 0.019200 ms)

========================================================================
Received Prepare
Registering precompiled user dll's ...
Registered in 0.001125 seconds.
Begin MonoManager ReloadAssembly
Native extension for LinuxStandalone target not found
Native extension for WindowsStandalone target not found
Native extension for WebGL target not found
Refreshing native plugins compatible for Editor in 0.35 ms, found 0 plugins.
Preloading 0 native plugins for Editor in 0.00 ms.
Mono: successfully reloaded assembly
- Completed reload, in  2.025 seconds
Platform modules already initialized, skipping
Refreshing native plugins compatible for Editor in 0.31 ms, found 0 plugins.
Preloading 0 native plugins for Editor in 0.00 ms.
Unloading 1650 Unused Serialized files (Serialized files now loaded: 0)
System memory in use before: 170.8 MB.
System memory in use after: 170.9 MB.

Unloading 6 unused Assets to reduce memory usage. Loaded Objects now: 2364.
Total: 2.430400 ms (FindLiveObjects: 0.244700 ms CreateObjectMapping: 0.080400 ms MarkObjects: 2.085500 ms  DeleteObjects: 0.018300 ms)

========================================================================
Received Prepare
Registering precompiled user dll's ...
Registered in 0.001434 seconds.
Begin MonoManager ReloadAssembly
Native extension for LinuxStandalone target not found
Native extension for WindowsStandalone target not found
Native extension for WebGL target not found
Refreshing native plugins compatible for Editor in 0.44 ms, found 0 plugins.
Preloading 0 native plugins for Editor in 0.00 ms.
Mono: successfully reloaded assembly
- Completed reload, in  1.371 seconds
Platform modules already initialized, skipping
Refreshing native plugins compatible for Editor in 0.33 ms, found 0 plugins.
Preloading 0 native plugins for Editor in 0.00 ms.
Unloading 1650 Unused Serialized files (Serialized files now loaded: 0)
System memory in use before: 170.8 MB.
System memory in use after: 170.9 MB.

Unloading 6 unused Assets to reduce memory usage. Loaded Objects now: 2367.
Total: 3.028800 ms (FindLiveObjects: 0.362600 ms CreateObjectMapping: 0.098400 ms MarkObjects: 2.546100 ms  DeleteObjects: 0.020200 ms)

